c:\rsdk decomps\rsdkv5-gameapi-gdmc5-mania-mod-fork\build\x64\release\game\intermediate\vc142.pdb
c:\rsdk decomps\rsdkv5-gameapi-gdmc5-mania-mod-fork\build\x64\release\game\intermediate\orbitspike.obj
c:\rsdk decomps\rsdkv5-gameapi-gdmc5-mania-mod-fork\build\x64\release\game\intermediate\kingclaw.obj
c:\rsdk decomps\rsdkv5-gameapi-gdmc5-mania-mod-fork\build\x64\release\game\intermediate\options.obj
c:\rsdk decomps\rsdkv5-gameapi-gdmc5-mania-mod-fork\build\x64\release\game\intermediate\hczspikeball.obj
c:\rsdk decomps\rsdkv5-gameapi-gdmc5-mania-mod-fork\build\x64\release\game\intermediate\blastoid.obj
c:\rsdk decomps\rsdkv5-gameapi-gdmc5-mania-mod-fork\build\x64\release\game\intermediate\spring.obj
c:\rsdk decomps\rsdkv5-gameapi-gdmc5-mania-mod-fork\build\x64\release\game\intermediate\imagetrail.obj
c:\rsdk decomps\rsdkv5-gameapi-gdmc5-mania-mod-fork\build\x64\release\game\intermediate\splats.obj
c:\rsdk decomps\rsdkv5-gameapi-gdmc5-mania-mod-fork\build\x64\release\game\intermediate\twistingdoor.obj
c:\rsdk decomps\rsdkv5-gameapi-gdmc5-mania-mod-fork\build\x64\release\game\intermediate\fbzsinktrash.obj
c:\rsdk decomps\rsdkv5-gameapi-gdmc5-mania-mod-fork\build\x64\release\game\intermediate\phantomking.obj
c:\rsdk decomps\rsdkv5-gameapi-gdmc5-mania-mod-fork\build\x64\release\game\intermediate\cutsceneseq.obj
c:\rsdk decomps\rsdkv5-gameapi-gdmc5-mania-mod-fork\build\x64\release\game\intermediate\rotatingstair.obj
c:\rsdk decomps\rsdkv5-gameapi-gdmc5-mania-mod-fork\build\x64\release\game\intermediate\tileplatform.obj
c:\rsdk decomps\rsdkv5-gameapi-gdmc5-mania-mod-fork\build\x64\release\game\intermediate\platformcontrol.obj
c:\rsdk decomps\rsdkv5-gameapi-gdmc5-mania-mod-fork\build\x64\release\game\intermediate\platform.obj
c:\rsdk decomps\rsdkv5-gameapi-gdmc5-mania-mod-fork\build\x64\release\game\intermediate\bss_palette.obj
c:\rsdk decomps\rsdkv5-gameapi-gdmc5-mania-mod-fork\build\x64\release\game\intermediate\aizeggrobo.obj
c:\rsdk decomps\rsdkv5-gameapi-gdmc5-mania-mod-fork\build\x64\release\game\intermediate\tmz2setup.obj
c:\rsdk decomps\rsdkv5-gameapi-gdmc5-mania-mod-fork\build\x64\release\game\intermediate\titlesetup.obj
c:\rsdk decomps\rsdkv5-gameapi-gdmc5-mania-mod-fork\build\x64\release\game\intermediate\spikeflail.obj
c:\rsdk decomps\rsdkv5-gameapi-gdmc5-mania-mod-fork\build\x64\release\game\intermediate\flowerpod.obj
c:\rsdk decomps\rsdkv5-gameapi-gdmc5-mania-mod-fork\build\x64\release\game\intermediate\shutterbug.obj
c:\rsdk decomps\rsdkv5-gameapi-gdmc5-mania-mod-fork\build\x64\release\game\intermediate\eggjanken.obj
c:\rsdk decomps\rsdkv5-gameapi-gdmc5-mania-mod-fork\build\x64\release\game\intermediate\pbl_sector.obj
c:\rsdk decomps\rsdkv5-gameapi-gdmc5-mania-mod-fork\build\x64\release\game\intermediate\psz2outro.obj
c:\rsdk decomps\rsdkv5-gameapi-gdmc5-mania-mod-fork\build\x64\release\game\intermediate\acetone.obj
c:\rsdk decomps\rsdkv5-gameapi-gdmc5-mania-mod-fork\build\x64\release\game\intermediate\tornado.obj
c:\rsdk decomps\rsdkv5-gameapi-gdmc5-mania-mod-fork\build\x64\release\game\intermediate\heavymystic.obj
c:\rsdk decomps\rsdkv5-gameapi-gdmc5-mania-mod-fork\build\x64\release\game\intermediate\mmzsetup.obj
c:\rsdk decomps\rsdkv5-gameapi-gdmc5-mania-mod-fork\build\x64\release\game\intermediate\uivscharselector.obj
c:\rsdk decomps\rsdkv5-gameapi-gdmc5-mania-mod-fork\build\x64\release\game\intermediate\uikeybinder.obj
c:\rsdk decomps\rsdkv5-gameapi-gdmc5-mania-mod-fork\build\x64\release\game\intermediate\mainmenu.obj
c:\rsdk decomps\rsdkv5-gameapi-gdmc5-mania-mod-fork\build\x64\release\game\intermediate\zone.obj
c:\rsdk decomps\rsdkv5-gameapi-gdmc5-mania-mod-fork\build\x64\release\game\intermediate\bss_message.obj
c:\rsdk decomps\rsdkv5-gameapi-gdmc5-mania-mod-fork\build\x64\release\game\intermediate\bss_hud.obj
c:\rsdk decomps\rsdkv5-gameapi-gdmc5-mania-mod-fork\build\x64\release\game\intermediate\bss_horizon.obj
c:\rsdk decomps\rsdkv5-gameapi-gdmc5-mania-mod-fork\build\x64\release\game\intermediate\bss_collected.obj
c:\rsdk decomps\rsdkv5-gameapi-gdmc5-mania-mod-fork\build\x64\release\game\intermediate\bss_collectable.obj
c:\rsdk decomps\rsdkv5-gameapi-gdmc5-mania-mod-fork\build\x64\release\game\intermediate\sweep.obj
c:\rsdk decomps\rsdkv5-gameapi-gdmc5-mania-mod-fork\build\x64\release\game\intermediate\schrodingerscapsule.obj
c:\rsdk decomps\rsdkv5-gameapi-gdmc5-mania-mod-fork\build\x64\release\game\intermediate\rhinobot.obj
c:\rsdk decomps\rsdkv5-gameapi-gdmc5-mania-mod-fork\build\x64\release\game\intermediate\monkeydude.obj
c:\rsdk decomps\rsdkv5-gameapi-gdmc5-mania-mod-fork\build\x64\release\game\intermediate\fernparallax.obj
c:\rsdk decomps\rsdkv5-gameapi-gdmc5-mania-mod-fork\build\x64\release\game\intermediate\encoreintro.obj
c:\rsdk decomps\rsdkv5-gameapi-gdmc5-mania-mod-fork\build\x64\release\game\intermediate\bloominator.obj
c:\rsdk decomps\rsdkv5-gameapi-gdmc5-mania-mod-fork\build\x64\release\game\intermediate\aiztornadopath.obj
c:\rsdk decomps\rsdkv5-gameapi-gdmc5-mania-mod-fork\build\x64\release\game\intermediate\aiztornado.obj
c:\rsdk decomps\rsdkv5-gameapi-gdmc5-mania-mod-fork\build\x64\release\game\intermediate\aizsetup.obj
c:\rsdk decomps\rsdkv5-gameapi-gdmc5-mania-mod-fork\build\x64\release\game\intermediate\aizrockpile.obj
c:\rsdk decomps\rsdkv5-gameapi-gdmc5-mania-mod-fork\build\x64\release\game\intermediate\aizkingclaw.obj
c:\rsdk decomps\rsdkv5-gameapi-gdmc5-mania-mod-fork\build\x64\release\game\intermediate\aizencoretutorial.obj
c:\rsdk decomps\rsdkv5-gameapi-gdmc5-mania-mod-fork\build\x64\release\game\intermediate\game.obj
c:\rsdk decomps\rsdkv5-gameapi-gdmc5-mania-mod-fork\build\x64\release\game\intermediate\spinbooster.obj
c:\rsdk decomps\rsdkv5-gameapi-gdmc5-mania-mod-fork\build\x64\release\game\intermediate\projectile.obj
c:\rsdk decomps\rsdkv5-gameapi-gdmc5-mania-mod-fork\build\x64\release\game\intermediate\platformnode.obj
c:\rsdk decomps\rsdkv5-gameapi-gdmc5-mania-mod-fork\build\x64\release\game\intermediate\parallaxsprite.obj
c:\rsdk decomps\rsdkv5-gameapi-gdmc5-mania-mod-fork\build\x64\release\game\intermediate\palette.obj
c:\rsdk decomps\rsdkv5-gameapi-gdmc5-mania-mod-fork\build\x64\release\game\intermediate\generictrigger.obj
c:\rsdk decomps\rsdkv5-gameapi-gdmc5-mania-mod-fork\build\x64\release\game\intermediate\forceunstick.obj
c:\rsdk decomps\rsdkv5-gameapi-gdmc5-mania-mod-fork\build\x64\release\game\intermediate\forcespin.obj
c:\rsdk decomps\rsdkv5-gameapi-gdmc5-mania-mod-fork\build\x64\release\game\intermediate\flingramp.obj
c:\rsdk decomps\rsdkv5-gameapi-gdmc5-mania-mod-fork\build\x64\release\game\intermediate\eggman.obj
c:\rsdk decomps\rsdkv5-gameapi-gdmc5-mania-mod-fork\build\x64\release\game\intermediate\decoration.obj
c:\rsdk decomps\rsdkv5-gameapi-gdmc5-mania-mod-fork\build\x64\release\game\intermediate\collapsingplatform.obj
c:\rsdk decomps\rsdkv5-gameapi-gdmc5-mania-mod-fork\build\x64\release\game\intermediate\button.obj
c:\rsdk decomps\rsdkv5-gameapi-gdmc5-mania-mod-fork\build\x64\release\game\intermediate\breakablewall.obj
c:\rsdk decomps\rsdkv5-gameapi-gdmc5-mania-mod-fork\build\x64\release\game\intermediate\bgswitch.obj
c:\rsdk decomps\rsdkv5-gameapi-gdmc5-mania-mod-fork\build\x64\release\game\intermediate\bss_setup.obj
c:\rsdk decomps\rsdkv5-gameapi-gdmc5-mania-mod-fork\build\x64\release\game\intermediate\bss_player.obj
c:\rsdk decomps\rsdkv5-gameapi-gdmc5-mania-mod-fork\build\x64\release\game\intermediate\reagent.obj
c:\rsdk decomps\rsdkv5-gameapi-gdmc5-mania-mod-fork\build\x64\release\game\intermediate\onewaydoor.obj
c:\rsdk decomps\rsdkv5-gameapi-gdmc5-mania-mod-fork\build\x64\release\game\intermediate\grabber.obj
c:\rsdk decomps\rsdkv5-gameapi-gdmc5-mania-mod-fork\build\x64\release\game\intermediate\dnariser.obj
c:\rsdk decomps\rsdkv5-gameapi-gdmc5-mania-mod-fork\build\x64\release\game\intermediate\cpzshutter.obj
c:\rsdk decomps\rsdkv5-gameapi-gdmc5-mania-mod-fork\build\x64\release\game\intermediate\cpzsetup.obj
c:\rsdk decomps\rsdkv5-gameapi-gdmc5-mania-mod-fork\build\x64\release\game\intermediate\cpzboss.obj
c:\rsdk decomps\rsdkv5-gameapi-gdmc5-mania-mod-fork\build\x64\release\game\intermediate\cpz2outro.obj
c:\rsdk decomps\rsdkv5-gameapi-gdmc5-mania-mod-fork\build\x64\release\game\intermediate\cpz1intro.obj
c:\rsdk decomps\rsdkv5-gameapi-gdmc5-mania-mod-fork\build\x64\release\game\intermediate\chemicalpool.obj
c:\rsdk decomps\rsdkv5-gameapi-gdmc5-mania-mod-fork\build\x64\release\game\intermediate\chemicalball.obj
c:\rsdk decomps\rsdkv5-gameapi-gdmc5-mania-mod-fork\build\x64\release\game\intermediate\chembubble.obj
c:\rsdk decomps\rsdkv5-gameapi-gdmc5-mania-mod-fork\build\x64\release\game\intermediate\caterkillerjr.obj
c:\rsdk decomps\rsdkv5-gameapi-gdmc5-mania-mod-fork\build\x64\release\game\intermediate\bubbler.obj
c:\rsdk decomps\rsdkv5-gameapi-gdmc5-mania-mod-fork\build\x64\release\game\intermediate\ball.obj
c:\rsdk decomps\rsdkv5-gameapi-gdmc5-mania-mod-fork\build\x64\release\game\intermediate\amoebadroid.obj
c:\rsdk decomps\rsdkv5-gameapi-gdmc5-mania-mod-fork\build\x64\release\game\intermediate\continuesetup.obj
c:\rsdk decomps\rsdkv5-gameapi-gdmc5-mania-mod-fork\build\x64\release\game\intermediate\continueplayer.obj
c:\rsdk decomps\rsdkv5-gameapi-gdmc5-mania-mod-fork\build\x64\release\game\intermediate\water.obj
c:\rsdk decomps\rsdkv5-gameapi-gdmc5-mania-mod-fork\build\x64\release\game\intermediate\cutscenerules.obj
c:\rsdk decomps\rsdkv5-gameapi-gdmc5-mania-mod-fork\build\x64\release\game\intermediate\cutscenehbh.obj
c:\rsdk decomps\rsdkv5-gameapi-gdmc5-mania-mod-fork\build\x64\release\game\intermediate\chaosemerald.obj
c:\rsdk decomps\rsdkv5-gameapi-gdmc5-mania-mod-fork\build\x64\release\game\intermediate\tryagaine.obj
c:\rsdk decomps\rsdkv5-gameapi-gdmc5-mania-mod-fork\build\x64\release\game\intermediate\tryagain.obj
c:\rsdk decomps\rsdkv5-gameapi-gdmc5-mania-mod-fork\build\x64\release\game\intermediate\taemerald.obj
c:\rsdk decomps\rsdkv5-gameapi-gdmc5-mania-mod-fork\build\x64\release\game\intermediate\encoregoodend.obj
c:\rsdk decomps\rsdkv5-gameapi-gdmc5-mania-mod-fork\build\x64\release\game\intermediate\creditssetup.obj
c:\rsdk decomps\rsdkv5-gameapi-gdmc5-mania-mod-fork\build\x64\release\game\intermediate\animalhbh.obj
c:\rsdk decomps\rsdkv5-gameapi-gdmc5-mania-mod-fork\build\x64\release\game\intermediate\twistedtubes.obj
c:\rsdk decomps\rsdkv5-gameapi-gdmc5-mania-mod-fork\build\x64\release\game\intermediate\tubespring.obj
c:\rsdk decomps\rsdkv5-gameapi-gdmc5-mania-mod-fork\build\x64\release\game\intermediate\transporttube.obj
c:\rsdk decomps\rsdkv5-gameapi-gdmc5-mania-mod-fork\build\x64\release\game\intermediate\tippingplatform.obj
c:\rsdk decomps\rsdkv5-gameapi-gdmc5-mania-mod-fork\build\x64\release\game\intermediate\syringe.obj
c:\rsdk decomps\rsdkv5-gameapi-gdmc5-mania-mod-fork\build\x64\release\game\intermediate\stickyplatform.obj
c:\rsdk decomps\rsdkv5-gameapi-gdmc5-mania-mod-fork\build\x64\release\game\intermediate\staircase.obj
c:\rsdk decomps\rsdkv5-gameapi-gdmc5-mania-mod-fork\build\x64\release\game\intermediate\springboard.obj
c:\rsdk decomps\rsdkv5-gameapi-gdmc5-mania-mod-fork\build\x64\release\game\intermediate\spiny.obj
c:\rsdk decomps\rsdkv5-gameapi-gdmc5-mania-mod-fork\build\x64\release\game\intermediate\speedbooster.obj
c:\rsdk decomps\rsdkv5-gameapi-gdmc5-mania-mod-fork\build\x64\release\game\intermediate\phantomhand.obj
c:\rsdk decomps\rsdkv5-gameapi-gdmc5-mania-mod-fork\build\x64\release\game\intermediate\phantomgunner.obj
c:\rsdk decomps\rsdkv5-gameapi-gdmc5-mania-mod-fork\build\x64\release\game\intermediate\phantomegg.obj
c:\rsdk decomps\rsdkv5-gameapi-gdmc5-mania-mod-fork\build\x64\release\game\intermediate\kleptomobile.obj
c:\rsdk decomps\rsdkv5-gameapi-gdmc5-mania-mod-fork\build\x64\release\game\intermediate\erzstart.obj
c:\rsdk decomps\rsdkv5-gameapi-gdmc5-mania-mod-fork\build\x64\release\game\intermediate\erzshinobi.obj
c:\rsdk decomps\rsdkv5-gameapi-gdmc5-mania-mod-fork\build\x64\release\game\intermediate\erzsetup.obj
c:\rsdk decomps\rsdkv5-gameapi-gdmc5-mania-mod-fork\build\x64\release\game\intermediate\erzrider.obj
c:\rsdk decomps\rsdkv5-gameapi-gdmc5-mania-mod-fork\build\x64\release\game\intermediate\erzoutro.obj
c:\rsdk decomps\rsdkv5-gameapi-gdmc5-mania-mod-fork\build\x64\release\game\intermediate\erzmystic.obj
c:\rsdk decomps\rsdkv5-gameapi-gdmc5-mania-mod-fork\build\x64\release\game\intermediate\erzking.obj
c:\rsdk decomps\rsdkv5-gameapi-gdmc5-mania-mod-fork\build\x64\release\game\intermediate\erzgunner.obj
c:\rsdk decomps\rsdkv5-gameapi-gdmc5-mania-mod-fork\build\x64\release\game\intermediate\rubyportal.obj
c:\rsdk decomps\rsdkv5-gameapi-gdmc5-mania-mod-fork\build\x64\release\game\intermediate\fxwavering.obj
c:\rsdk decomps\rsdkv5-gameapi-gdmc5-mania-mod-fork\build\x64\release\game\intermediate\fxtrail.obj
c:\rsdk decomps\rsdkv5-gameapi-gdmc5-mania-mod-fork\build\x64\release\game\intermediate\fxspinray.obj
c:\rsdk decomps\rsdkv5-gameapi-gdmc5-mania-mod-fork\build\x64\release\game\intermediate\fxruby.obj
c:\rsdk decomps\rsdkv5-gameapi-gdmc5-mania-mod-fork\build\x64\release\game\intermediate\fxfade.obj
c:\rsdk decomps\rsdkv5-gameapi-gdmc5-mania-mod-fork\build\x64\release\game\intermediate\fxexpandring.obj
c:\rsdk decomps\rsdkv5-gameapi-gdmc5-mania-mod-fork\build\x64\release\game\intermediate\fbzsetup.obj
c:\rsdk decomps\rsdkv5-gameapi-gdmc5-mania-mod-fork\build\x64\release\game\intermediate\fbzmissile.obj
c:\rsdk decomps\rsdkv5-gameapi-gdmc5-mania-mod-fork\build\x64\release\game\intermediate\fbzfan.obj
c:\rsdk decomps\rsdkv5-gameapi-gdmc5-mania-mod-fork\build\x64\release\game\intermediate\fbz2outro.obj
c:\rsdk decomps\rsdkv5-gameapi-gdmc5-mania-mod-fork\build\x64\release\game\intermediate\fbz1outro.obj
c:\rsdk decomps\rsdkv5-gameapi-gdmc5-mania-mod-fork\build\x64\release\game\intermediate\electromagnet.obj
c:\rsdk decomps\rsdkv5-gameapi-gdmc5-mania-mod-fork\build\x64\release\game\intermediate\cylinder.obj
c:\rsdk decomps\rsdkv5-gameapi-gdmc5-mania-mod-fork\build\x64\release\game\intermediate\crane.obj
c:\rsdk decomps\rsdkv5-gameapi-gdmc5-mania-mod-fork\build\x64\release\game\intermediate\clucker.obj
c:\rsdk decomps\rsdkv5-gameapi-gdmc5-mania-mod-fork\build\x64\release\game\intermediate\blaster.obj
c:\rsdk decomps\rsdkv5-gameapi-gdmc5-mania-mod-fork\build\x64\release\game\intermediate\bigsqueeze.obj
c:\rsdk decomps\rsdkv5-gameapi-gdmc5-mania-mod-fork\build\x64\release\game\intermediate\ringfield.obj
c:\rsdk decomps\rsdkv5-gameapi-gdmc5-mania-mod-fork\build\x64\release\game\intermediate\pkingattack.obj
c:\rsdk decomps\rsdkv5-gameapi-gdmc5-mania-mod-fork\build\x64\release\game\intermediate\phantomshinobi.obj
c:\rsdk decomps\rsdkv5-gameapi-gdmc5-mania-mod-fork\build\x64\release\game\intermediate\phantomshield.obj
c:\rsdk decomps\rsdkv5-gameapi-gdmc5-mania-mod-fork\build\x64\release\game\intermediate\phantomruby.obj
c:\rsdk decomps\rsdkv5-gameapi-gdmc5-mania-mod-fork\build\x64\release\game\intermediate\phantomrider.obj
c:\rsdk decomps\rsdkv5-gameapi-gdmc5-mania-mod-fork\build\x64\release\game\intermediate\phantommystic.obj
c:\rsdk decomps\rsdkv5-gameapi-gdmc5-mania-mod-fork\build\x64\release\game\intermediate\phantommissile.obj
c:\rsdk decomps\rsdkv5-gameapi-gdmc5-mania-mod-fork\build\x64\release\game\intermediate\tuesday.obj
c:\rsdk decomps\rsdkv5-gameapi-gdmc5-mania-mod-fork\build\x64\release\game\intermediate\tetherball.obj
c:\rsdk decomps\rsdkv5-gameapi-gdmc5-mania-mod-fork\build\x64\release\game\intermediate\technosqueek.obj
c:\rsdk decomps\rsdkv5-gameapi-gdmc5-mania-mod-fork\build\x64\release\game\intermediate\switchdoor.obj
c:\rsdk decomps\rsdkv5-gameapi-gdmc5-mania-mod-fork\build\x64\release\game\intermediate\spiralplatform.obj
c:\rsdk decomps\rsdkv5-gameapi-gdmc5-mania-mod-fork\build\x64\release\game\intermediate\spidermobile.obj
c:\rsdk decomps\rsdkv5-gameapi-gdmc5-mania-mod-fork\build\x64\release\game\intermediate\propellershaft.obj
c:\rsdk decomps\rsdkv5-gameapi-gdmc5-mania-mod-fork\build\x64\release\game\intermediate\propeller.obj
c:\rsdk decomps\rsdkv5-gameapi-gdmc5-mania-mod-fork\build\x64\release\game\intermediate\mine.obj
c:\rsdk decomps\rsdkv5-gameapi-gdmc5-mania-mod-fork\build\x64\release\game\intermediate\magspikeball.obj
c:\rsdk decomps\rsdkv5-gameapi-gdmc5-mania-mod-fork\build\x64\release\game\intermediate\magplatform.obj
c:\rsdk decomps\rsdkv5-gameapi-gdmc5-mania-mod-fork\build\x64\release\game\intermediate\lightbarrier.obj
c:\rsdk decomps\rsdkv5-gameapi-gdmc5-mania-mod-fork\build\x64\release\game\intermediate\launcher.obj
c:\rsdk decomps\rsdkv5-gameapi-gdmc5-mania-mod-fork\build\x64\release\game\intermediate\hangpoint.obj
c:\rsdk decomps\rsdkv5-gameapi-gdmc5-mania-mod-fork\build\x64\release\game\intermediate\hangglider.obj
c:\rsdk decomps\rsdkv5-gameapi-gdmc5-mania-mod-fork\build\x64\release\game\intermediate\foldingplatform.obj
c:\rsdk decomps\rsdkv5-gameapi-gdmc5-mania-mod-fork\build\x64\release\game\intermediate\flamespring.obj
c:\rsdk decomps\rsdkv5-gameapi-gdmc5-mania-mod-fork\build\x64\release\game\intermediate\fbztrash.obj
c:\rsdk decomps\rsdkv5-gameapi-gdmc5-mania-mod-fork\build\x64\release\game\intermediate\fbzstorm.obj
c:\rsdk decomps\rsdkv5-gameapi-gdmc5-mania-mod-fork\build\x64\release\game\intermediate\spikelog.obj
c:\rsdk decomps\rsdkv5-gameapi-gdmc5-mania-mod-fork\build\x64\release\game\intermediate\newtron.obj
c:\rsdk decomps\rsdkv5-gameapi-gdmc5-mania-mod-fork\build\x64\release\game\intermediate\motobug.obj
c:\rsdk decomps\rsdkv5-gameapi-gdmc5-mania-mod-fork\build\x64\release\game\intermediate\ghzsetup.obj
c:\rsdk decomps\rsdkv5-gameapi-gdmc5-mania-mod-fork\build\x64\release\game\intermediate\ghzcutscenest.obj
c:\rsdk decomps\rsdkv5-gameapi-gdmc5-mania-mod-fork\build\x64\release\game\intermediate\ghzcutscenek.obj
c:\rsdk decomps\rsdkv5-gameapi-gdmc5-mania-mod-fork\build\x64\release\game\intermediate\ghz2outro.obj
c:\rsdk decomps\rsdkv5-gameapi-gdmc5-mania-mod-fork\build\x64\release\game\intermediate\fireball.obj
c:\rsdk decomps\rsdkv5-gameapi-gdmc5-mania-mod-fork\build\x64\release\game\intermediate\derobot.obj
c:\rsdk decomps\rsdkv5-gameapi-gdmc5-mania-mod-fork\build\x64\release\game\intermediate\ddwrecker.obj
c:\rsdk decomps\rsdkv5-gameapi-gdmc5-mania-mod-fork\build\x64\release\game\intermediate\crabmeat.obj
c:\rsdk decomps\rsdkv5-gameapi-gdmc5-mania-mod-fork\build\x64\release\game\intermediate\corkscrewpath.obj
c:\rsdk decomps\rsdkv5-gameapi-gdmc5-mania-mod-fork\build\x64\release\game\intermediate\chopper.obj
c:\rsdk decomps\rsdkv5-gameapi-gdmc5-mania-mod-fork\build\x64\release\game\intermediate\checkerball.obj
c:\rsdk decomps\rsdkv5-gameapi-gdmc5-mania-mod-fork\build\x64\release\game\intermediate\buzzbomber.obj
c:\rsdk decomps\rsdkv5-gameapi-gdmc5-mania-mod-fork\build\x64\release\game\intermediate\burninglog.obj
c:\rsdk decomps\rsdkv5-gameapi-gdmc5-mania-mod-fork\build\x64\release\game\intermediate\bridge.obj
c:\rsdk decomps\rsdkv5-gameapi-gdmc5-mania-mod-fork\build\x64\release\game\intermediate\batbrain.obj
c:\rsdk decomps\rsdkv5-gameapi-gdmc5-mania-mod-fork\build\x64\release\game\intermediate\warpdoor.obj
c:\rsdk decomps\rsdkv5-gameapi-gdmc5-mania-mod-fork\build\x64\release\game\intermediate\hud.obj
c:\rsdk decomps\rsdkv5-gameapi-gdmc5-mania-mod-fork\build\x64\release\game\intermediate\gameover.obj
c:\rsdk decomps\rsdkv5-gameapi-gdmc5-mania-mod-fork\build\x64\release\game\intermediate\explosion.obj
c:\rsdk decomps\rsdkv5-gameapi-gdmc5-mania-mod-fork\build\x64\release\game\intermediate\encoreroute.obj
c:\rsdk decomps\rsdkv5-gameapi-gdmc5-mania-mod-fork\build\x64\release\game\intermediate\eggprison.obj
c:\rsdk decomps\rsdkv5-gameapi-gdmc5-mania-mod-fork\build\x64\release\game\intermediate\dust.obj
c:\rsdk decomps\rsdkv5-gameapi-gdmc5-mania-mod-fork\build\x64\release\game\intermediate\dialogrunner.obj
c:\rsdk decomps\rsdkv5-gameapi-gdmc5-mania-mod-fork\build\x64\release\game\intermediate\debugmode.obj
c:\rsdk decomps\rsdkv5-gameapi-gdmc5-mania-mod-fork\build\x64\release\game\intermediate\debris.obj
c:\rsdk decomps\rsdkv5-gameapi-gdmc5-mania-mod-fork\build\x64\release\game\intermediate\coverlay.obj
c:\rsdk decomps\rsdkv5-gameapi-gdmc5-mania-mod-fork\build\x64\release\game\intermediate\competition.obj
c:\rsdk decomps\rsdkv5-gameapi-gdmc5-mania-mod-fork\build\x64\release\game\intermediate\camera.obj
c:\rsdk decomps\rsdkv5-gameapi-gdmc5-mania-mod-fork\build\x64\release\game\intermediate\boundsmarker.obj
c:\rsdk decomps\rsdkv5-gameapi-gdmc5-mania-mod-fork\build\x64\release\game\intermediate\apicallback.obj
c:\rsdk decomps\rsdkv5-gameapi-gdmc5-mania-mod-fork\build\x64\release\game\intermediate\announcer.obj
c:\rsdk decomps\rsdkv5-gameapi-gdmc5-mania-mod-fork\build\x64\release\game\intermediate\animals.obj
c:\rsdk decomps\rsdkv5-gameapi-gdmc5-mania-mod-fork\build\x64\release\game\intermediate\actclear.obj
c:\rsdk decomps\rsdkv5-gameapi-gdmc5-mania-mod-fork\build\x64\release\game\intermediate\zipline.obj
c:\rsdk decomps\rsdkv5-gameapi-gdmc5-mania-mod-fork\build\x64\release\game\intermediate\waterfallsound.obj
c:\rsdk decomps\rsdkv5-gameapi-gdmc5-mania-mod-fork\build\x64\release\game\intermediate\spikes.obj
c:\rsdk decomps\rsdkv5-gameapi-gdmc5-mania-mod-fork\build\x64\release\game\intermediate\speedgate.obj
c:\rsdk decomps\rsdkv5-gameapi-gdmc5-mania-mod-fork\build\x64\release\game\intermediate\specialring.obj
c:\rsdk decomps\rsdkv5-gameapi-gdmc5-mania-mod-fork\build\x64\release\game\intermediate\soundboard.obj
c:\rsdk decomps\rsdkv5-gameapi-gdmc5-mania-mod-fork\build\x64\release\game\intermediate\signpost.obj
c:\rsdk decomps\rsdkv5-gameapi-gdmc5-mania-mod-fork\build\x64\release\game\intermediate\shield.obj
c:\rsdk decomps\rsdkv5-gameapi-gdmc5-mania-mod-fork\build\x64\release\game\intermediate\scorebonus.obj
c:\rsdk decomps\rsdkv5-gameapi-gdmc5-mania-mod-fork\build\x64\release\game\intermediate\savegame.obj
c:\rsdk decomps\rsdkv5-gameapi-gdmc5-mania-mod-fork\build\x64\release\game\intermediate\ring.obj
c:\rsdk decomps\rsdkv5-gameapi-gdmc5-mania-mod-fork\build\x64\release\game\intermediate\replayrecorder.obj
c:\rsdk decomps\rsdkv5-gameapi-gdmc5-mania-mod-fork\build\x64\release\game\intermediate\player.obj
c:\rsdk decomps\rsdkv5-gameapi-gdmc5-mania-mod-fork\build\x64\release\game\intermediate\planeswitch.obj
c:\rsdk decomps\rsdkv5-gameapi-gdmc5-mania-mod-fork\build\x64\release\game\intermediate\pausemenu.obj
c:\rsdk decomps\rsdkv5-gameapi-gdmc5-mania-mod-fork\build\x64\release\game\intermediate\noswap.obj
c:\rsdk decomps\rsdkv5-gameapi-gdmc5-mania-mod-fork\build\x64\release\game\intermediate\music.obj
c:\rsdk decomps\rsdkv5-gameapi-gdmc5-mania-mod-fork\build\x64\release\game\intermediate\localization.obj
c:\rsdk decomps\rsdkv5-gameapi-gdmc5-mania-mod-fork\build\x64\release\game\intermediate\itembox.obj
c:\rsdk decomps\rsdkv5-gameapi-gdmc5-mania-mod-fork\build\x64\release\game\intermediate\invisibleblock.obj
c:\rsdk decomps\rsdkv5-gameapi-gdmc5-mania-mod-fork\build\x64\release\game\intermediate\invinciblestars.obj
c:\rsdk decomps\rsdkv5-gameapi-gdmc5-mania-mod-fork\build\x64\release\game\intermediate\hczsetup.obj
c:\rsdk decomps\rsdkv5-gameapi-gdmc5-mania-mod-fork\build\x64\release\game\intermediate\hczonewaydoor.obj
c:\rsdk decomps\rsdkv5-gameapi-gdmc5-mania-mod-fork\build\x64\release\game\intermediate\hcz1intro.obj
c:\rsdk decomps\rsdkv5-gameapi-gdmc5-mania-mod-fork\build\x64\release\game\intermediate\hangconveyor.obj
c:\rsdk decomps\rsdkv5-gameapi-gdmc5-mania-mod-fork\build\x64\release\game\intermediate\handlauncher.obj
c:\rsdk decomps\rsdkv5-gameapi-gdmc5-mania-mod-fork\build\x64\release\game\intermediate\gondola.obj
c:\rsdk decomps\rsdkv5-gameapi-gdmc5-mania-mod-fork\build\x64\release\game\intermediate\fan.obj
c:\rsdk decomps\rsdkv5-gameapi-gdmc5-mania-mod-fork\build\x64\release\game\intermediate\diveeggman.obj
c:\rsdk decomps\rsdkv5-gameapi-gdmc5-mania-mod-fork\build\x64\release\game\intermediate\dcevent.obj
c:\rsdk decomps\rsdkv5-gameapi-gdmc5-mania-mod-fork\build\x64\release\game\intermediate\current.obj
c:\rsdk decomps\rsdkv5-gameapi-gdmc5-mania-mod-fork\build\x64\release\game\intermediate\buttondoor.obj
c:\rsdk decomps\rsdkv5-gameapi-gdmc5-mania-mod-fork\build\x64\release\game\intermediate\buggernaut.obj
c:\rsdk decomps\rsdkv5-gameapi-gdmc5-mania-mod-fork\build\x64\release\game\intermediate\breakbar.obj
c:\rsdk decomps\rsdkv5-gameapi-gdmc5-mania-mod-fork\build\x64\release\game\intermediate\titlecard.obj
c:\rsdk decomps\rsdkv5-gameapi-gdmc5-mania-mod-fork\build\x64\release\game\intermediate\timeattackgate.obj
c:\rsdk decomps\rsdkv5-gameapi-gdmc5-mania-mod-fork\build\x64\release\game\intermediate\supersparkle.obj
c:\rsdk decomps\rsdkv5-gameapi-gdmc5-mania-mod-fork\build\x64\release\game\intermediate\starpost.obj
c:\rsdk decomps\rsdkv5-gameapi-gdmc5-mania-mod-fork\build\x64\release\game\intermediate\mathhelpers.obj
c:\rsdk decomps\rsdkv5-gameapi-gdmc5-mania-mod-fork\build\x64\release\game\intermediate\loghelpers.obj
c:\rsdk decomps\rsdkv5-gameapi-gdmc5-mania-mod-fork\build\x64\release\game\intermediate\gameprogress.obj
c:\rsdk decomps\rsdkv5-gameapi-gdmc5-mania-mod-fork\build\x64\release\game\intermediate\drawhelpers.obj
c:\rsdk decomps\rsdkv5-gameapi-gdmc5-mania-mod-fork\build\x64\release\game\intermediate\competitionsession.obj
c:\rsdk decomps\rsdkv5-gameapi-gdmc5-mania-mod-fork\build\x64\release\game\intermediate\colorhelpers.obj
c:\rsdk decomps\rsdkv5-gameapi-gdmc5-mania-mod-fork\build\x64\release\game\intermediate\badnikhelpers.obj
c:\rsdk decomps\rsdkv5-gameapi-gdmc5-mania-mod-fork\build\x64\release\game\intermediate\whirlpool.obj
c:\rsdk decomps\rsdkv5-gameapi-gdmc5-mania-mod-fork\build\x64\release\game\intermediate\watergush.obj
c:\rsdk decomps\rsdkv5-gameapi-gdmc5-mania-mod-fork\build\x64\release\game\intermediate\twistingslide.obj
c:\rsdk decomps\rsdkv5-gameapi-gdmc5-mania-mod-fork\build\x64\release\game\intermediate\turbospiker.obj
c:\rsdk decomps\rsdkv5-gameapi-gdmc5-mania-mod-fork\build\x64\release\game\intermediate\spear.obj
c:\rsdk decomps\rsdkv5-gameapi-gdmc5-mania-mod-fork\build\x64\release\game\intermediate\screwmobile.obj
c:\rsdk decomps\rsdkv5-gameapi-gdmc5-mania-mod-fork\build\x64\release\game\intermediate\pullchain.obj
c:\rsdk decomps\rsdkv5-gameapi-gdmc5-mania-mod-fork\build\x64\release\game\intermediate\pointdexter.obj
c:\rsdk decomps\rsdkv5-gameapi-gdmc5-mania-mod-fork\build\x64\release\game\intermediate\megachopper.obj
c:\rsdk decomps\rsdkv5-gameapi-gdmc5-mania-mod-fork\build\x64\release\game\intermediate\laundromobile.obj
c:\rsdk decomps\rsdkv5-gameapi-gdmc5-mania-mod-fork\build\x64\release\game\intermediate\jellygnite.obj
c:\rsdk decomps\rsdkv5-gameapi-gdmc5-mania-mod-fork\build\x64\release\game\intermediate\jawz.obj
c:\rsdk decomps\rsdkv5-gameapi-gdmc5-mania-mod-fork\build\x64\release\game\intermediate\kingattack.obj
c:\rsdk decomps\rsdkv5-gameapi-gdmc5-mania-mod-fork\build\x64\release\game\intermediate\iwamodoki.obj
c:\rsdk decomps\rsdkv5-gameapi-gdmc5-mania-mod-fork\build\x64\release\game\intermediate\hpzemerald.obj
c:\rsdk decomps\rsdkv5-gameapi-gdmc5-mania-mod-fork\build\x64\release\game\intermediate\heavyrider.obj
c:\rsdk decomps\rsdkv5-gameapi-gdmc5-mania-mod-fork\build\x64\release\game\intermediate\heavyking.obj
c:\rsdk decomps\rsdkv5-gameapi-gdmc5-mania-mod-fork\build\x64\release\game\intermediate\flamethrower.obj
c:\rsdk decomps\rsdkv5-gameapi-gdmc5-mania-mod-fork\build\x64\release\game\intermediate\fireworm.obj
c:\rsdk decomps\rsdkv5-gameapi-gdmc5-mania-mod-fork\build\x64\release\game\intermediate\drillerdroido.obj
c:\rsdk decomps\rsdkv5-gameapi-gdmc5-mania-mod-fork\build\x64\release\game\intermediate\drillerdroid.obj
c:\rsdk decomps\rsdkv5-gameapi-gdmc5-mania-mod-fork\build\x64\release\game\intermediate\dashlift.obj
c:\rsdk decomps\rsdkv5-gameapi-gdmc5-mania-mod-fork\build\x64\release\game\intermediate\buckwildball.obj
c:\rsdk decomps\rsdkv5-gameapi-gdmc5-mania-mod-fork\build\x64\release\game\intermediate\stegway.obj
c:\rsdk decomps\rsdkv5-gameapi-gdmc5-mania-mod-fork\build\x64\release\game\intermediate\redz.obj
c:\rsdk decomps\rsdkv5-gameapi-gdmc5-mania-mod-fork\build\x64\release\game\intermediate\batbot.obj
c:\rsdk decomps\rsdkv5-gameapi-gdmc5-mania-mod-fork\build\x64\release\game\intermediate\timeattackdata.obj
c:\rsdk decomps\rsdkv5-gameapi-gdmc5-mania-mod-fork\build\x64\release\game\intermediate\replaydb.obj
c:\rsdk decomps\rsdkv5-gameapi-gdmc5-mania-mod-fork\build\x64\release\game\intermediate\playerprobe.obj
c:\rsdk decomps\rsdkv5-gameapi-gdmc5-mania-mod-fork\build\x64\release\game\intermediate\playerhelpers.obj
c:\rsdk decomps\rsdkv5-gameapi-gdmc5-mania-mod-fork\build\x64\release\game\intermediate\particlehelpers.obj
c:\rsdk decomps\rsdkv5-gameapi-gdmc5-mania-mod-fork\build\x64\release\game\intermediate\lrzspiral.obj
c:\rsdk decomps\rsdkv5-gameapi-gdmc5-mania-mod-fork\build\x64\release\game\intermediate\lrzspikeball.obj
c:\rsdk decomps\rsdkv5-gameapi-gdmc5-mania-mod-fork\build\x64\release\game\intermediate\lrzrockpile.obj
c:\rsdk decomps\rsdkv5-gameapi-gdmc5-mania-mod-fork\build\x64\release\game\intermediate\lrzfireball.obj
c:\rsdk decomps\rsdkv5-gameapi-gdmc5-mania-mod-fork\build\x64\release\game\intermediate\lrzconvswitch.obj
c:\rsdk decomps\rsdkv5-gameapi-gdmc5-mania-mod-fork\build\x64\release\game\intermediate\lrzconvitem.obj
c:\rsdk decomps\rsdkv5-gameapi-gdmc5-mania-mod-fork\build\x64\release\game\intermediate\lrzconveyor.obj
c:\rsdk decomps\rsdkv5-gameapi-gdmc5-mania-mod-fork\build\x64\release\game\intermediate\lrzconvdropper.obj
c:\rsdk decomps\rsdkv5-gameapi-gdmc5-mania-mod-fork\build\x64\release\game\intermediate\lrzconvcontrol.obj
c:\rsdk decomps\rsdkv5-gameapi-gdmc5-mania-mod-fork\build\x64\release\game\intermediate\lrz3setup.obj
c:\rsdk decomps\rsdkv5-gameapi-gdmc5-mania-mod-fork\build\x64\release\game\intermediate\lrz3outrok.obj
c:\rsdk decomps\rsdkv5-gameapi-gdmc5-mania-mod-fork\build\x64\release\game\intermediate\lrz3outro.obj
c:\rsdk decomps\rsdkv5-gameapi-gdmc5-mania-mod-fork\build\x64\release\game\intermediate\lrz3cutscene.obj
c:\rsdk decomps\rsdkv5-gameapi-gdmc5-mania-mod-fork\build\x64\release\game\intermediate\lrz2setup.obj
c:\rsdk decomps\rsdkv5-gameapi-gdmc5-mania-mod-fork\build\x64\release\game\intermediate\lrz1setup.obj
c:\rsdk decomps\rsdkv5-gameapi-gdmc5-mania-mod-fork\build\x64\release\game\intermediate\lrz1outro.obj
c:\rsdk decomps\rsdkv5-gameapi-gdmc5-mania-mod-fork\build\x64\release\game\intermediate\lrz1intro.obj
c:\rsdk decomps\rsdkv5-gameapi-gdmc5-mania-mod-fork\build\x64\release\game\intermediate\lavageyser.obj
c:\rsdk decomps\rsdkv5-gameapi-gdmc5-mania-mod-fork\build\x64\release\game\intermediate\lavafall.obj
c:\rsdk decomps\rsdkv5-gameapi-gdmc5-mania-mod-fork\build\x64\release\game\intermediate\logosetup.obj
c:\rsdk decomps\rsdkv5-gameapi-gdmc5-mania-mod-fork\build\x64\release\game\intermediate\levelselect.obj
c:\rsdk decomps\rsdkv5-gameapi-gdmc5-mania-mod-fork\build\x64\release\game\intermediate\extrasmenu.obj
c:\rsdk decomps\rsdkv5-gameapi-gdmc5-mania-mod-fork\build\x64\release\game\intermediate\e3menusetup.obj
c:\rsdk decomps\rsdkv5-gameapi-gdmc5-mania-mod-fork\build\x64\release\game\intermediate\demomenu.obj
c:\rsdk decomps\rsdkv5-gameapi-gdmc5-mania-mod-fork\build\x64\release\game\intermediate\dasetup.obj
c:\rsdk decomps\rsdkv5-gameapi-gdmc5-mania-mod-fork\build\x64\release\game\intermediate\dacontrol.obj
c:\rsdk decomps\rsdkv5-gameapi-gdmc5-mania-mod-fork\build\x64\release\game\intermediate\competitionmenu.obj
c:\rsdk decomps\rsdkv5-gameapi-gdmc5-mania-mod-fork\build\x64\release\game\intermediate\walkerlegs.obj
c:\rsdk decomps\rsdkv5-gameapi-gdmc5-mania-mod-fork\build\x64\release\game\intermediate\turretswitch.obj
c:\rsdk decomps\rsdkv5-gameapi-gdmc5-mania-mod-fork\build\x64\release\game\intermediate\turbine.obj
c:\rsdk decomps\rsdkv5-gameapi-gdmc5-mania-mod-fork\build\x64\release\game\intermediate\toxomister.obj
c:\rsdk decomps\rsdkv5-gameapi-gdmc5-mania-mod-fork\build\x64\release\game\intermediate\thoughtbubble.obj
c:\rsdk decomps\rsdkv5-gameapi-gdmc5-mania-mod-fork\build\x64\release\game\intermediate\stalactite.obj
c:\rsdk decomps\rsdkv5-gameapi-gdmc5-mania-mod-fork\build\x64\release\game\intermediate\spikecrusher.obj
c:\rsdk decomps\rsdkv5-gameapi-gdmc5-mania-mod-fork\build\x64\release\game\intermediate\skyteleporter.obj
c:\rsdk decomps\rsdkv5-gameapi-gdmc5-mania-mod-fork\build\x64\release\game\intermediate\rockdrill.obj
c:\rsdk decomps\rsdkv5-gameapi-gdmc5-mania-mod-fork\build\x64\release\game\intermediate\risinglava.obj
c:\rsdk decomps\rsdkv5-gameapi-gdmc5-mania-mod-fork\build\x64\release\game\intermediate\rexon.obj
c:\rsdk decomps\rsdkv5-gameapi-gdmc5-mania-mod-fork\build\x64\release\game\intermediate\uiinfolabel.obj
c:\rsdk decomps\rsdkv5-gameapi-gdmc5-mania-mod-fork\build\x64\release\game\intermediate\uiheading.obj
c:\rsdk decomps\rsdkv5-gameapi-gdmc5-mania-mod-fork\build\x64\release\game\intermediate\uidiorama.obj
c:\rsdk decomps\rsdkv5-gameapi-gdmc5-mania-mod-fork\build\x64\release\game\intermediate\uidialog.obj
c:\rsdk decomps\rsdkv5-gameapi-gdmc5-mania-mod-fork\build\x64\release\game\intermediate\uicreditstext.obj
c:\rsdk decomps\rsdkv5-gameapi-gdmc5-mania-mod-fork\build\x64\release\game\intermediate\uicontrol.obj
c:\rsdk decomps\rsdkv5-gameapi-gdmc5-mania-mod-fork\build\x64\release\game\intermediate\uichoice.obj
c:\rsdk decomps\rsdkv5-gameapi-gdmc5-mania-mod-fork\build\x64\release\game\intermediate\uicharbutton.obj
c:\rsdk decomps\rsdkv5-gameapi-gdmc5-mania-mod-fork\build\x64\release\game\intermediate\uicarousel.obj
c:\rsdk decomps\rsdkv5-gameapi-gdmc5-mania-mod-fork\build\x64\release\game\intermediate\uibuttonprompt.obj
c:\rsdk decomps\rsdkv5-gameapi-gdmc5-mania-mod-fork\build\x64\release\game\intermediate\uibuttonlabel.obj
c:\rsdk decomps\rsdkv5-gameapi-gdmc5-mania-mod-fork\build\x64\release\game\intermediate\uibutton.obj
c:\rsdk decomps\rsdkv5-gameapi-gdmc5-mania-mod-fork\build\x64\release\game\intermediate\uibackground.obj
c:\rsdk decomps\rsdkv5-gameapi-gdmc5-mania-mod-fork\build\x64\release\game\intermediate\timeattackmenu.obj
c:\rsdk decomps\rsdkv5-gameapi-gdmc5-mania-mod-fork\build\x64\release\game\intermediate\thankssetup.obj
c:\rsdk decomps\rsdkv5-gameapi-gdmc5-mania-mod-fork\build\x64\release\game\intermediate\optionsmenu.obj
c:\rsdk decomps\rsdkv5-gameapi-gdmc5-mania-mod-fork\build\x64\release\game\intermediate\menusetup.obj
c:\rsdk decomps\rsdkv5-gameapi-gdmc5-mania-mod-fork\build\x64\release\game\intermediate\menuparam.obj
c:\rsdk decomps\rsdkv5-gameapi-gdmc5-mania-mod-fork\build\x64\release\game\intermediate\maniamodemenu.obj
c:\rsdk decomps\rsdkv5-gameapi-gdmc5-mania-mod-fork\build\x64\release\game\intermediate\uivideo.obj
c:\rsdk decomps\rsdkv5-gameapi-gdmc5-mania-mod-fork\build\x64\release\game\intermediate\uiusernamepopup.obj
c:\rsdk decomps\rsdkv5-gameapi-gdmc5-mania-mod-fork\build\x64\release\game\intermediate\uitransition.obj
c:\rsdk decomps\rsdkv5-gameapi-gdmc5-mania-mod-fork\build\x64\release\game\intermediate\uitext.obj
c:\rsdk decomps\rsdkv5-gameapi-gdmc5-mania-mod-fork\build\x64\release\game\intermediate\uitazonemodule.obj
c:\rsdk decomps\rsdkv5-gameapi-gdmc5-mania-mod-fork\build\x64\release\game\intermediate\uitabanner.obj
c:\rsdk decomps\rsdkv5-gameapi-gdmc5-mania-mod-fork\build\x64\release\game\intermediate\uisubheading.obj
c:\rsdk decomps\rsdkv5-gameapi-gdmc5-mania-mod-fork\build\x64\release\game\intermediate\uislider.obj
c:\rsdk decomps\rsdkv5-gameapi-gdmc5-mania-mod-fork\build\x64\release\game\intermediate\uishifter.obj
c:\rsdk decomps\rsdkv5-gameapi-gdmc5-mania-mod-fork\build\x64\release\game\intermediate\uisaveslot.obj
c:\rsdk decomps\rsdkv5-gameapi-gdmc5-mania-mod-fork\build\x64\release\game\intermediate\uirespicker.obj
c:\rsdk decomps\rsdkv5-gameapi-gdmc5-mania-mod-fork\build\x64\release\game\intermediate\uireplaycarousel.obj
c:\rsdk decomps\rsdkv5-gameapi-gdmc5-mania-mod-fork\build\x64\release\game\intermediate\uirankbutton.obj
c:\rsdk decomps\rsdkv5-gameapi-gdmc5-mania-mod-fork\build\x64\release\game\intermediate\uipopover.obj
c:\rsdk decomps\rsdkv5-gameapi-gdmc5-mania-mod-fork\build\x64\release\game\intermediate\uipicture.obj
c:\rsdk decomps\rsdkv5-gameapi-gdmc5-mania-mod-fork\build\x64\release\game\intermediate\uioptionpanel.obj
c:\rsdk decomps\rsdkv5-gameapi-gdmc5-mania-mod-fork\build\x64\release\game\intermediate\uimodebutton.obj
c:\rsdk decomps\rsdkv5-gameapi-gdmc5-mania-mod-fork\build\x64\release\game\intermediate\uimedallionpanel.obj
c:\rsdk decomps\rsdkv5-gameapi-gdmc5-mania-mod-fork\build\x64\release\game\intermediate\uileaderboard.obj
c:\rsdk decomps\rsdkv5-gameapi-gdmc5-mania-mod-fork\build\x64\release\game\intermediate\mmzlightning.obj
c:\rsdk decomps\rsdkv5-gameapi-gdmc5-mania-mod-fork\build\x64\release\game\intermediate\mmz2outro.obj
c:\rsdk decomps\rsdkv5-gameapi-gdmc5-mania-mod-fork\build\x64\release\game\intermediate\mechabu.obj
c:\rsdk decomps\rsdkv5-gameapi-gdmc5-mania-mod-fork\build\x64\release\game\intermediate\matryoshkabom.obj
c:\rsdk decomps\rsdkv5-gameapi-gdmc5-mania-mod-fork\build\x64\release\game\intermediate\gachapandora.obj
c:\rsdk decomps\rsdkv5-gameapi-gdmc5-mania-mod-fork\build\x64\release\game\intermediate\farplane.obj
c:\rsdk decomps\rsdkv5-gameapi-gdmc5-mania-mod-fork\build\x64\release\game\intermediate\eggpistonsmkii.obj
c:\rsdk decomps\rsdkv5-gameapi-gdmc5-mania-mod-fork\build\x64\release\game\intermediate\conveyorwheel.obj
c:\rsdk decomps\rsdkv5-gameapi-gdmc5-mania-mod-fork\build\x64\release\game\intermediate\conveyorplatform.obj
c:\rsdk decomps\rsdkv5-gameapi-gdmc5-mania-mod-fork\build\x64\release\game\intermediate\conveyorbelt.obj
c:\rsdk decomps\rsdkv5-gameapi-gdmc5-mania-mod-fork\build\x64\release\game\intermediate\buzzsaw.obj
c:\rsdk decomps\rsdkv5-gameapi-gdmc5-mania-mod-fork\build\x64\release\game\intermediate\bladepole.obj
c:\rsdk decomps\rsdkv5-gameapi-gdmc5-mania-mod-fork\build\x64\release\game\intermediate\uiwinsize.obj
c:\rsdk decomps\rsdkv5-gameapi-gdmc5-mania-mod-fork\build\x64\release\game\intermediate\uiwidgets.obj
c:\rsdk decomps\rsdkv5-gameapi-gdmc5-mania-mod-fork\build\x64\release\game\intermediate\uiwaitspinner.obj
c:\rsdk decomps\rsdkv5-gameapi-gdmc5-mania-mod-fork\build\x64\release\game\intermediate\uivszonebutton.obj
c:\rsdk decomps\rsdkv5-gameapi-gdmc5-mania-mod-fork\build\x64\release\game\intermediate\uivsscoreboard.obj
c:\rsdk decomps\rsdkv5-gameapi-gdmc5-mania-mod-fork\build\x64\release\game\intermediate\uivsroundpicker.obj
c:\rsdk decomps\rsdkv5-gameapi-gdmc5-mania-mod-fork\build\x64\release\game\intermediate\uivsresults.obj
c:\rsdk decomps\rsdkv5-gameapi-gdmc5-mania-mod-fork\build\x64\release\game\intermediate\hatterkiller.obj
c:\rsdk decomps\rsdkv5-gameapi-gdmc5-mania-mod-fork\build\x64\release\game\intermediate\giantpistol.obj
c:\rsdk decomps\rsdkv5-gameapi-gdmc5-mania-mod-fork\build\x64\release\game\intermediate\flipper.obj
c:\rsdk decomps\rsdkv5-gameapi-gdmc5-mania-mod-fork\build\x64\release\game\intermediate\eggloco.obj
c:\rsdk decomps\rsdkv5-gameapi-gdmc5-mania-mod-fork\build\x64\release\game\intermediate\dbtower.obj
c:\rsdk decomps\rsdkv5-gameapi-gdmc5-mania-mod-fork\build\x64\release\game\intermediate\collapsingsand.obj
c:\rsdk decomps\rsdkv5-gameapi-gdmc5-mania-mod-fork\build\x64\release\game\intermediate\cactula.obj
c:\rsdk decomps\rsdkv5-gameapi-gdmc5-mania-mod-fork\build\x64\release\game\intermediate\bumpalo.obj
c:\rsdk decomps\rsdkv5-gameapi-gdmc5-mania-mod-fork\build\x64\release\game\intermediate\barstool.obj
c:\rsdk decomps\rsdkv5-gameapi-gdmc5-mania-mod-fork\build\x64\release\game\intermediate\armadiloid.obj
c:\rsdk decomps\rsdkv5-gameapi-gdmc5-mania-mod-fork\build\x64\release\game\intermediate\vanishplatform.obj
c:\rsdk decomps\rsdkv5-gameapi-gdmc5-mania-mod-fork\build\x64\release\game\intermediate\spikecorridor.obj
c:\rsdk decomps\rsdkv5-gameapi-gdmc5-mania-mod-fork\build\x64\release\game\intermediate\sizelaser.obj
c:\rsdk decomps\rsdkv5-gameapi-gdmc5-mania-mod-fork\build\x64\release\game\intermediate\scarab.obj
c:\rsdk decomps\rsdkv5-gameapi-gdmc5-mania-mod-fork\build\x64\release\game\intermediate\rplaneshifter.obj
c:\rsdk decomps\rsdkv5-gameapi-gdmc5-mania-mod-fork\build\x64\release\game\intermediate\pohbee.obj
c:\rsdk decomps\rsdkv5-gameapi-gdmc5-mania-mod-fork\build\x64\release\game\intermediate\planeseesaw.obj
c:\rsdk decomps\rsdkv5-gameapi-gdmc5-mania-mod-fork\build\x64\release\game\intermediate\piston.obj
c:\rsdk decomps\rsdkv5-gameapi-gdmc5-mania-mod-fork\build\x64\release\game\intermediate\mmzwheel.obj
c:\rsdk decomps\rsdkv5-gameapi-gdmc5-mania-mod-fork\build\x64\release\game\intermediate\swingrope.obj
c:\rsdk decomps\rsdkv5-gameapi-gdmc5-mania-mod-fork\build\x64\release\game\intermediate\sidebarrel.obj
c:\rsdk decomps\rsdkv5-gameapi-gdmc5-mania-mod-fork\build\x64\release\game\intermediate\seltzerwater.obj
c:\rsdk decomps\rsdkv5-gameapi-gdmc5-mania-mod-fork\build\x64\release\game\intermediate\seltzerbottle.obj
c:\rsdk decomps\rsdkv5-gameapi-gdmc5-mania-mod-fork\build\x64\release\game\intermediate\seesaw.obj
c:\rsdk decomps\rsdkv5-gameapi-gdmc5-mania-mod-fork\build\x64\release\game\intermediate\rotatingspikes.obj
c:\rsdk decomps\rsdkv5-gameapi-gdmc5-mania-mod-fork\build\x64\release\game\intermediate\rollermkii.obj
c:\rsdk decomps\rsdkv5-gameapi-gdmc5-mania-mod-fork\build\x64\release\game\intermediate\rattlekiller.obj
c:\rsdk decomps\rsdkv5-gameapi-gdmc5-mania-mod-fork\build\x64\release\game\intermediate\pinata.obj
c:\rsdk decomps\rsdkv5-gameapi-gdmc5-mania-mod-fork\build\x64\release\game\intermediate\paintingeyes.obj
c:\rsdk decomps\rsdkv5-gameapi-gdmc5-mania-mod-fork\build\x64\release\game\intermediate\mszspotlight.obj
c:\rsdk decomps\rsdkv5-gameapi-gdmc5-mania-mod-fork\build\x64\release\game\intermediate\mszsetup.obj
c:\rsdk decomps\rsdkv5-gameapi-gdmc5-mania-mod-fork\build\x64\release\game\intermediate\mszcutscenest.obj
c:\rsdk decomps\rsdkv5-gameapi-gdmc5-mania-mod-fork\build\x64\release\game\intermediate\mszcutscenek.obj
c:\rsdk decomps\rsdkv5-gameapi-gdmc5-mania-mod-fork\build\x64\release\game\intermediate\msz2cutscene.obj
c:\rsdk decomps\rsdkv5-gameapi-gdmc5-mania-mod-fork\build\x64\release\game\intermediate\msz1kintro.obj
c:\rsdk decomps\rsdkv5-gameapi-gdmc5-mania-mod-fork\build\x64\release\game\intermediate\locosmoke.obj
c:\rsdk decomps\rsdkv5-gameapi-gdmc5-mania-mod-fork\build\x64\release\game\intermediate\lightbulb.obj
c:\rsdk decomps\rsdkv5-gameapi-gdmc5-mania-mod-fork\build\x64\release\game\intermediate\honkytonk.obj
c:\rsdk decomps\rsdkv5-gameapi-gdmc5-mania-mod-fork\build\x64\release\game\intermediate\valve.obj
c:\rsdk decomps\rsdkv5-gameapi-gdmc5-mania-mod-fork\build\x64\release\game\intermediate\sol.obj
c:\rsdk decomps\rsdkv5-gameapi-gdmc5-mania-mod-fork\build\x64\release\game\intermediate\smog.obj
c:\rsdk decomps\rsdkv5-gameapi-gdmc5-mania-mod-fork\build\x64\release\game\intermediate\pushspring.obj
c:\rsdk decomps\rsdkv5-gameapi-gdmc5-mania-mod-fork\build\x64\release\game\intermediate\pullswitch.obj
c:\rsdk decomps\rsdkv5-gameapi-gdmc5-mania-mod-fork\build\x64\release\game\intermediate\oozsetup.obj
c:\rsdk decomps\rsdkv5-gameapi-gdmc5-mania-mod-fork\build\x64\release\game\intermediate\oozflames.obj
c:\rsdk decomps\rsdkv5-gameapi-gdmc5-mania-mod-fork\build\x64\release\game\intermediate\ooz2outro.obj
c:\rsdk decomps\rsdkv5-gameapi-gdmc5-mania-mod-fork\build\x64\release\game\intermediate\ooz1outro.obj
c:\rsdk decomps\rsdkv5-gameapi-gdmc5-mania-mod-fork\build\x64\release\game\intermediate\octus.obj
c:\rsdk decomps\rsdkv5-gameapi-gdmc5-mania-mod-fork\build\x64\release\game\intermediate\meterdroid.obj
c:\rsdk decomps\rsdkv5-gameapi-gdmc5-mania-mod-fork\build\x64\release\game\intermediate\megaoctus.obj
c:\rsdk decomps\rsdkv5-gameapi-gdmc5-mania-mod-fork\build\x64\release\game\intermediate\hatch.obj
c:\rsdk decomps\rsdkv5-gameapi-gdmc5-mania-mod-fork\build\x64\release\game\intermediate\gasplatform.obj
c:\rsdk decomps\rsdkv5-gameapi-gdmc5-mania-mod-fork\build\x64\release\game\intermediate\ballcannon.obj
c:\rsdk decomps\rsdkv5-gameapi-gdmc5-mania-mod-fork\build\x64\release\game\intermediate\aquis.obj
c:\rsdk decomps\rsdkv5-gameapi-gdmc5-mania-mod-fork\build\x64\release\game\intermediate\vultron.obj
c:\rsdk decomps\rsdkv5-gameapi-gdmc5-mania-mod-fork\build\x64\release\game\intermediate\ubercaterkiller.obj
c:\rsdk decomps\rsdkv5-gameapi-gdmc5-mania-mod-fork\build\x64\release\game\intermediate\tornadopath.obj
c:\rsdk decomps\rsdkv5-gameapi-gdmc5-mania-mod-fork\build\x64\release\game\intermediate\psz2intro.obj
c:\rsdk decomps\rsdkv5-gameapi-gdmc5-mania-mod-fork\build\x64\release\game\intermediate\psz1setup.obj
c:\rsdk decomps\rsdkv5-gameapi-gdmc5-mania-mod-fork\build\x64\release\game\intermediate\psz1intro.obj
c:\rsdk decomps\rsdkv5-gameapi-gdmc5-mania-mod-fork\build\x64\release\game\intermediate\printblock.obj
c:\rsdk decomps\rsdkv5-gameapi-gdmc5-mania-mod-fork\build\x64\release\game\intermediate\press.obj
c:\rsdk decomps\rsdkv5-gameapi-gdmc5-mania-mod-fork\build\x64\release\game\intermediate\petalpile.obj
c:\rsdk decomps\rsdkv5-gameapi-gdmc5-mania-mod-fork\build\x64\release\game\intermediate\paperroller.obj
c:\rsdk decomps\rsdkv5-gameapi-gdmc5-mania-mod-fork\build\x64\release\game\intermediate\newspaper.obj
c:\rsdk decomps\rsdkv5-gameapi-gdmc5-mania-mod-fork\build\x64\release\game\intermediate\jugglesaw.obj
c:\rsdk decomps\rsdkv5-gameapi-gdmc5-mania-mod-fork\build\x64\release\game\intermediate\inkwipe.obj
c:\rsdk decomps\rsdkv5-gameapi-gdmc5-mania-mod-fork\build\x64\release\game\intermediate\ink.obj
c:\rsdk decomps\rsdkv5-gameapi-gdmc5-mania-mod-fork\build\x64\release\game\intermediate\icespring.obj
c:\rsdk decomps\rsdkv5-gameapi-gdmc5-mania-mod-fork\build\x64\release\game\intermediate\icebomba.obj
c:\rsdk decomps\rsdkv5-gameapi-gdmc5-mania-mod-fork\build\x64\release\game\intermediate\ice.obj
c:\rsdk decomps\rsdkv5-gameapi-gdmc5-mania-mod-fork\build\x64\release\game\intermediate\heavyshinobi.obj
c:\rsdk decomps\rsdkv5-gameapi-gdmc5-mania-mod-fork\build\x64\release\game\intermediate\frostthrower.obj
c:\rsdk decomps\rsdkv5-gameapi-gdmc5-mania-mod-fork\build\x64\release\game\intermediate\dragonfly.obj
c:\rsdk decomps\rsdkv5-gameapi-gdmc5-mania-mod-fork\build\x64\release\game\intermediate\doortrigger.obj
c:\rsdk decomps\rsdkv5-gameapi-gdmc5-mania-mod-fork\build\x64\release\game\intermediate\crate.obj
c:\rsdk decomps\rsdkv5-gameapi-gdmc5-mania-mod-fork\build\x64\release\game\intermediate\pbl_ring.obj
c:\rsdk decomps\rsdkv5-gameapi-gdmc5-mania-mod-fork\build\x64\release\game\intermediate\pbl_player.obj
c:\rsdk decomps\rsdkv5-gameapi-gdmc5-mania-mod-fork\build\x64\release\game\intermediate\pbl_hud.obj
c:\rsdk decomps\rsdkv5-gameapi-gdmc5-mania-mod-fork\build\x64\release\game\intermediate\pbl_flipper.obj
c:\rsdk decomps\rsdkv5-gameapi-gdmc5-mania-mod-fork\build\x64\release\game\intermediate\pbl_crane.obj
c:\rsdk decomps\rsdkv5-gameapi-gdmc5-mania-mod-fork\build\x64\release\game\intermediate\pbl_camera.obj
c:\rsdk decomps\rsdkv5-gameapi-gdmc5-mania-mod-fork\build\x64\release\game\intermediate\pbl_bumper.obj
c:\rsdk decomps\rsdkv5-gameapi-gdmc5-mania-mod-fork\build\x64\release\game\intermediate\woodrow.obj
c:\rsdk decomps\rsdkv5-gameapi-gdmc5-mania-mod-fork\build\x64\release\game\intermediate\woodchipper.obj
c:\rsdk decomps\rsdkv5-gameapi-gdmc5-mania-mod-fork\build\x64\release\game\intermediate\turntable.obj
c:\rsdk decomps\rsdkv5-gameapi-gdmc5-mania-mod-fork\build\x64\release\game\intermediate\sp500mkii.obj
c:\rsdk decomps\rsdkv5-gameapi-gdmc5-mania-mod-fork\build\x64\release\game\intermediate\sp500.obj
c:\rsdk decomps\rsdkv5-gameapi-gdmc5-mania-mod-fork\build\x64\release\game\intermediate\snowflakes.obj
c:\rsdk decomps\rsdkv5-gameapi-gdmc5-mania-mod-fork\build\x64\release\game\intermediate\shuriken.obj
c:\rsdk decomps\rsdkv5-gameapi-gdmc5-mania-mod-fork\build\x64\release\game\intermediate\shiversaw.obj
c:\rsdk decomps\rsdkv5-gameapi-gdmc5-mania-mod-fork\build\x64\release\game\intermediate\pszlauncher.obj
c:\rsdk decomps\rsdkv5-gameapi-gdmc5-mania-mod-fork\build\x64\release\game\intermediate\pszeggman.obj
c:\rsdk decomps\rsdkv5-gameapi-gdmc5-mania-mod-fork\build\x64\release\game\intermediate\pszdoor.obj
c:\rsdk decomps\rsdkv5-gameapi-gdmc5-mania-mod-fork\build\x64\release\game\intermediate\psz2setup.obj
c:\rsdk decomps\rsdkv5-gameapi-gdmc5-mania-mod-fork\build\x64\release\game\intermediate\directorchair.obj
c:\rsdk decomps\rsdkv5-gameapi-gdmc5-mania-mod-fork\build\x64\release\game\intermediate\clapperboard.obj
c:\rsdk decomps\rsdkv5-gameapi-gdmc5-mania-mod-fork\build\x64\release\game\intermediate\circlebumper.obj
c:\rsdk decomps\rsdkv5-gameapi-gdmc5-mania-mod-fork\build\x64\release\game\intermediate\canista.obj
c:\rsdk decomps\rsdkv5-gameapi-gdmc5-mania-mod-fork\build\x64\release\game\intermediate\cablewarp.obj
c:\rsdk decomps\rsdkv5-gameapi-gdmc5-mania-mod-fork\build\x64\release\game\intermediate\orbinaut.obj
c:\rsdk decomps\rsdkv5-gameapi-gdmc5-mania-mod-fork\build\x64\release\game\intermediate\caterkiller.obj
c:\rsdk decomps\rsdkv5-gameapi-gdmc5-mania-mod-fork\build\x64\release\game\intermediate\bomb.obj
c:\rsdk decomps\rsdkv5-gameapi-gdmc5-mania-mod-fork\build\x64\release\game\intermediate\puyoscore.obj
c:\rsdk decomps\rsdkv5-gameapi-gdmc5-mania-mod-fork\build\x64\release\game\intermediate\puyomatch.obj
c:\rsdk decomps\rsdkv5-gameapi-gdmc5-mania-mod-fork\build\x64\release\game\intermediate\puyolevelselect.obj
c:\rsdk decomps\rsdkv5-gameapi-gdmc5-mania-mod-fork\build\x64\release\game\intermediate\puyolabel.obj
c:\rsdk decomps\rsdkv5-gameapi-gdmc5-mania-mod-fork\build\x64\release\game\intermediate\puyoindicator.obj
c:\rsdk decomps\rsdkv5-gameapi-gdmc5-mania-mod-fork\build\x64\release\game\intermediate\puyogame.obj
c:\rsdk decomps\rsdkv5-gameapi-gdmc5-mania-mod-fork\build\x64\release\game\intermediate\puyobean.obj
c:\rsdk decomps\rsdkv5-gameapi-gdmc5-mania-mod-fork\build\x64\release\game\intermediate\puyoattack.obj
c:\rsdk decomps\rsdkv5-gameapi-gdmc5-mania-mod-fork\build\x64\release\game\intermediate\puyoai.obj
c:\rsdk decomps\rsdkv5-gameapi-gdmc5-mania-mod-fork\build\x64\release\game\intermediate\pbl_targetbumper.obj
c:\rsdk decomps\rsdkv5-gameapi-gdmc5-mania-mod-fork\build\x64\release\game\intermediate\pbl_setup.obj
c:\rsdk decomps\rsdkv5-gameapi-gdmc5-mania-mod-fork\build\x64\release\game\intermediate\shopwindow.obj
c:\rsdk decomps\rsdkv5-gameapi-gdmc5-mania-mod-fork\build\x64\release\game\intermediate\rockemsockem.obj
c:\rsdk decomps\rsdkv5-gameapi-gdmc5-mania-mod-fork\build\x64\release\game\intermediate\popcornmachine.obj
c:\rsdk decomps\rsdkv5-gameapi-gdmc5-mania-mod-fork\build\x64\release\game\intermediate\popcornkernel.obj
c:\rsdk decomps\rsdkv5-gameapi-gdmc5-mania-mod-fork\build\x64\release\game\intermediate\pimpom.obj
c:\rsdk decomps\rsdkv5-gameapi-gdmc5-mania-mod-fork\build\x64\release\game\intermediate\pathinverter.obj
c:\rsdk decomps\rsdkv5-gameapi-gdmc5-mania-mod-fork\build\x64\release\game\intermediate\micdrop.obj
c:\rsdk decomps\rsdkv5-gameapi-gdmc5-mania-mod-fork\build\x64\release\game\intermediate\lovetester.obj
c:\rsdk decomps\rsdkv5-gameapi-gdmc5-mania-mod-fork\build\x64\release\game\intermediate\lottomachine.obj
c:\rsdk decomps\rsdkv5-gameapi-gdmc5-mania-mod-fork\build\x64\release\game\intermediate\lottoball.obj
c:\rsdk decomps\rsdkv5-gameapi-gdmc5-mania-mod-fork\build\x64\release\game\intermediate\letterboard.obj
c:\rsdk decomps\rsdkv5-gameapi-gdmc5-mania-mod-fork\build\x64\release\game\intermediate\ledpanel.obj
c:\rsdk decomps\rsdkv5-gameapi-gdmc5-mania-mod-fork\build\x64\release\game\intermediate\heavygunner.obj
c:\rsdk decomps\rsdkv5-gameapi-gdmc5-mania-mod-fork\build\x64\release\game\intermediate\greenscreen.obj
c:\rsdk decomps\rsdkv5-gameapi-gdmc5-mania-mod-fork\build\x64\release\game\intermediate\funnel.obj
c:\rsdk decomps\rsdkv5-gameapi-gdmc5-mania-mod-fork\build\x64\release\game\intermediate\filmreel.obj
c:\rsdk decomps\rsdkv5-gameapi-gdmc5-mania-mod-fork\build\x64\release\game\intermediate\filmprojector.obj
c:\rsdk decomps\rsdkv5-gameapi-gdmc5-mania-mod-fork\build\x64\release\game\intermediate\eggtv.obj
c:\rsdk decomps\rsdkv5-gameapi-gdmc5-mania-mod-fork\build\x64\release\game\intermediate\eggjankenpart.obj
c:\rsdk decomps\rsdkv5-gameapi-gdmc5-mania-mod-fork\build\x64\release\game\intermediate\firework.obj
c:\rsdk decomps\rsdkv5-gameapi-gdmc5-mania-mod-fork\build\x64\release\game\intermediate\fireflies.obj
c:\rsdk decomps\rsdkv5-gameapi-gdmc5-mania-mod-fork\build\x64\release\game\intermediate\eggtower.obj
c:\rsdk decomps\rsdkv5-gameapi-gdmc5-mania-mod-fork\build\x64\release\game\intermediate\dango.obj
c:\rsdk decomps\rsdkv5-gameapi-gdmc5-mania-mod-fork\build\x64\release\game\intermediate\constellation.obj
c:\rsdk decomps\rsdkv5-gameapi-gdmc5-mania-mod-fork\build\x64\release\game\intermediate\bungee.obj
c:\rsdk decomps\rsdkv5-gameapi-gdmc5-mania-mod-fork\build\x64\release\game\intermediate\bounceplant.obj
c:\rsdk decomps\rsdkv5-gameapi-gdmc5-mania-mod-fork\build\x64\release\game\intermediate\beanstalk.obj
c:\rsdk decomps\rsdkv5-gameapi-gdmc5-mania-mod-fork\build\x64\release\game\intermediate\weathertv.obj
c:\rsdk decomps\rsdkv5-gameapi-gdmc5-mania-mod-fork\build\x64\release\game\intermediate\weathermobile.obj
c:\rsdk decomps\rsdkv5-gameapi-gdmc5-mania-mod-fork\build\x64\release\game\intermediate\tvvan.obj
c:\rsdk decomps\rsdkv5-gameapi-gdmc5-mania-mod-fork\build\x64\release\game\intermediate\tvpole.obj
c:\rsdk decomps\rsdkv5-gameapi-gdmc5-mania-mod-fork\build\x64\release\game\intermediate\tvflyingbattery.obj
c:\rsdk decomps\rsdkv5-gameapi-gdmc5-mania-mod-fork\build\x64\release\game\intermediate\tubinaut.obj
c:\rsdk decomps\rsdkv5-gameapi-gdmc5-mania-mod-fork\build\x64\release\game\intermediate\spz2setup.obj
c:\rsdk decomps\rsdkv5-gameapi-gdmc5-mania-mod-fork\build\x64\release\game\intermediate\spz2outro.obj
c:\rsdk decomps\rsdkv5-gameapi-gdmc5-mania-mod-fork\build\x64\release\game\intermediate\spz1setup.obj
c:\rsdk decomps\rsdkv5-gameapi-gdmc5-mania-mod-fork\build\x64\release\game\intermediate\spz1intro.obj
c:\rsdk decomps\rsdkv5-gameapi-gdmc5-mania-mod-fork\build\x64\release\game\intermediate\spinsign.obj
c:\rsdk decomps\rsdkv5-gameapi-gdmc5-mania-mod-fork\build\x64\release\game\intermediate\sparkrail.obj
c:\rsdk decomps\rsdkv5-gameapi-gdmc5-mania-mod-fork\build\x64\release\game\intermediate\silversonic.obj
c:\rsdk decomps\rsdkv5-gameapi-gdmc5-mania-mod-fork\build\x64\release\game\intermediate\sdashwheel.obj
c:\rsdk decomps\rsdkv5-gameapi-gdmc5-mania-mod-fork\build\x64\release\game\intermediate\rteleporter.obj
c:\rsdk decomps\rsdkv5-gameapi-gdmc5-mania-mod-fork\build\x64\release\game\intermediate\mspanel.obj
c:\rsdk decomps\rsdkv5-gameapi-gdmc5-mania-mod-fork\build\x64\release\game\intermediate\msorb.obj
c:\rsdk decomps\rsdkv5-gameapi-gdmc5-mania-mod-fork\build\x64\release\game\intermediate\mshologram.obj
c:\rsdk decomps\rsdkv5-gameapi-gdmc5-mania-mod-fork\build\x64\release\game\intermediate\msfactory.obj
c:\rsdk decomps\rsdkv5-gameapi-gdmc5-mania-mod-fork\build\x64\release\game\intermediate\msbomb.obj
c:\rsdk decomps\rsdkv5-gameapi-gdmc5-mania-mod-fork\build\x64\release\game\intermediate\monarchplans.obj
c:\rsdk decomps\rsdkv5-gameapi-gdmc5-mania-mod-fork\build\x64\release\game\intermediate\metalsonic.obj
c:\rsdk decomps\rsdkv5-gameapi-gdmc5-mania-mod-fork\build\x64\release\game\intermediate\kanabun.obj
c:\rsdk decomps\rsdkv5-gameapi-gdmc5-mania-mod-fork\build\x64\release\game\intermediate\kabasira.obj
c:\rsdk decomps\rsdkv5-gameapi-gdmc5-mania-mod-fork\build\x64\release\game\intermediate\junctionwheel.obj
c:\rsdk decomps\rsdkv5-gameapi-gdmc5-mania-mod-fork\build\x64\release\game\intermediate\hotarumkii.obj
c:\rsdk decomps\rsdkv5-gameapi-gdmc5-mania-mod-fork\build\x64\release\game\intermediate\hotaruhiwatt.obj
c:\rsdk decomps\rsdkv5-gameapi-gdmc5-mania-mod-fork\build\x64\release\game\intermediate\hotaru.obj
c:\rsdk decomps\rsdkv5-gameapi-gdmc5-mania-mod-fork\build\x64\release\game\intermediate\hilosign.obj
c:\rsdk decomps\rsdkv5-gameapi-gdmc5-mania-mod-fork\build\x64\release\game\intermediate\gigametal.obj
c:\rsdk decomps\rsdkv5-gameapi-gdmc5-mania-mod-fork\build\x64\release\game\intermediate\titlelogo.obj
c:\rsdk decomps\rsdkv5-gameapi-gdmc5-mania-mod-fork\build\x64\release\game\intermediate\titleeggman.obj
c:\rsdk decomps\rsdkv5-gameapi-gdmc5-mania-mod-fork\build\x64\release\game\intermediate\titlebg.obj
c:\rsdk decomps\rsdkv5-gameapi-gdmc5-mania-mod-fork\build\x64\release\game\intermediate\title3dsprite.obj
c:\rsdk decomps\rsdkv5-gameapi-gdmc5-mania-mod-fork\build\x64\release\game\intermediate\summaryemerald.obj
c:\rsdk decomps\rsdkv5-gameapi-gdmc5-mania-mod-fork\build\x64\release\game\intermediate\summary.obj
c:\rsdk decomps\rsdkv5-gameapi-gdmc5-mania-mod-fork\build\x64\release\game\intermediate\yoyopulley.obj
c:\rsdk decomps\rsdkv5-gameapi-gdmc5-mania-mod-fork\build\x64\release\game\intermediate\uncurlplant.obj
c:\rsdk decomps\rsdkv5-gameapi-gdmc5-mania-mod-fork\build\x64\release\game\intermediate\ttcutscene.obj
c:\rsdk decomps\rsdkv5-gameapi-gdmc5-mania-mod-fork\build\x64\release\game\intermediate\timetravelsetup.obj
c:\rsdk decomps\rsdkv5-gameapi-gdmc5-mania-mod-fork\build\x64\release\game\intermediate\timepost.obj
c:\rsdk decomps\rsdkv5-gameapi-gdmc5-mania-mod-fork\build\x64\release\game\intermediate\sszspotlight.obj
c:\rsdk decomps\rsdkv5-gameapi-gdmc5-mania-mod-fork\build\x64\release\game\intermediate\sszspikeball.obj
c:\rsdk decomps\rsdkv5-gameapi-gdmc5-mania-mod-fork\build\x64\release\game\intermediate\sszeggman.obj
c:\rsdk decomps\rsdkv5-gameapi-gdmc5-mania-mod-fork\build\x64\release\game\intermediate\ssz3cutscene.obj
c:\rsdk decomps\rsdkv5-gameapi-gdmc5-mania-mod-fork\build\x64\release\game\intermediate\ssz2setup.obj
c:\rsdk decomps\rsdkv5-gameapi-gdmc5-mania-mod-fork\build\x64\release\game\intermediate\ssz1setup.obj
c:\rsdk decomps\rsdkv5-gameapi-gdmc5-mania-mod-fork\build\x64\release\game\intermediate\ssz1outro.obj
c:\rsdk decomps\rsdkv5-gameapi-gdmc5-mania-mod-fork\build\x64\release\game\intermediate\ssz1intro.obj
c:\rsdk decomps\rsdkv5-gameapi-gdmc5-mania-mod-fork\build\x64\release\game\intermediate\tmz2outro.obj
c:\rsdk decomps\rsdkv5-gameapi-gdmc5-mania-mod-fork\build\x64\release\game\intermediate\tmz1setup.obj
c:\rsdk decomps\rsdkv5-gameapi-gdmc5-mania-mod-fork\build\x64\release\game\intermediate\tmz1outro.obj
c:\rsdk decomps\rsdkv5-gameapi-gdmc5-mania-mod-fork\build\x64\release\game\intermediate\teetertotter.obj
c:\rsdk decomps\rsdkv5-gameapi-gdmc5-mania-mod-fork\build\x64\release\game\intermediate\sentrybug.obj
c:\rsdk decomps\rsdkv5-gameapi-gdmc5-mania-mod-fork\build\x64\release\game\intermediate\popout.obj
c:\rsdk decomps\rsdkv5-gameapi-gdmc5-mania-mod-fork\build\x64\release\game\intermediate\monarchbg.obj
c:\rsdk decomps\rsdkv5-gameapi-gdmc5-mania-mod-fork\build\x64\release\game\intermediate\metalarm.obj
c:\rsdk decomps\rsdkv5-gameapi-gdmc5-mania-mod-fork\build\x64\release\game\intermediate\magnetsphere.obj
c:\rsdk decomps\rsdkv5-gameapi-gdmc5-mania-mod-fork\build\x64\release\game\intermediate\launchspring.obj
c:\rsdk decomps\rsdkv5-gameapi-gdmc5-mania-mod-fork\build\x64\release\game\intermediate\largegear.obj
c:\rsdk decomps\rsdkv5-gameapi-gdmc5-mania-mod-fork\build\x64\release\game\intermediate\jacobsladder.obj
c:\rsdk decomps\rsdkv5-gameapi-gdmc5-mania-mod-fork\build\x64\release\game\intermediate\gymbar.obj
c:\rsdk decomps\rsdkv5-gameapi-gdmc5-mania-mod-fork\build\x64\release\game\intermediate\flashermkii.obj
c:\rsdk decomps\rsdkv5-gameapi-gdmc5-mania-mod-fork\build\x64\release\game\intermediate\escapecar.obj
c:\rsdk decomps\rsdkv5-gameapi-gdmc5-mania-mod-fork\build\x64\release\game\intermediate\crimsoneye.obj
c:\rsdk decomps\rsdkv5-gameapi-gdmc5-mania-mod-fork\build\x64\release\game\intermediate\crashtest.obj
c:\rsdk decomps\rsdkv5-gameapi-gdmc5-mania-mod-fork\build\x64\release\game\intermediate\ballhog.obj
c:\rsdk decomps\rsdkv5-gameapi-gdmc5-mania-mod-fork\build\x64\release\game\intermediate\titlesonic.obj
c:\rsdk decomps\rsdkv5-gameapi-gdmc5-mania-mod-fork\build\x64\release\game\intermediate\ufo_setup.obj
c:\rsdk decomps\rsdkv5-gameapi-gdmc5-mania-mod-fork\build\x64\release\game\intermediate\ufo_ring.obj
c:\rsdk decomps\rsdkv5-gameapi-gdmc5-mania-mod-fork\build\x64\release\game\intermediate\ufo_player.obj
c:\rsdk decomps\rsdkv5-gameapi-gdmc5-mania-mod-fork\build\x64\release\game\intermediate\ufo_plasma.obj
c:\rsdk decomps\rsdkv5-gameapi-gdmc5-mania-mod-fork\build\x64\release\game\intermediate\ufo_message.obj
c:\rsdk decomps\rsdkv5-gameapi-gdmc5-mania-mod-fork\build\x64\release\game\intermediate\ufo_itembox.obj
c:\rsdk decomps\rsdkv5-gameapi-gdmc5-mania-mod-fork\build\x64\release\game\intermediate\ufo_hud.obj
c:\rsdk decomps\rsdkv5-gameapi-gdmc5-mania-mod-fork\build\x64\release\game\intermediate\ufo_dust.obj
c:\rsdk decomps\rsdkv5-gameapi-gdmc5-mania-mod-fork\build\x64\release\game\intermediate\ufo_decoration.obj
c:\rsdk decomps\rsdkv5-gameapi-gdmc5-mania-mod-fork\build\x64\release\game\intermediate\ufo_circuit.obj
c:\rsdk decomps\rsdkv5-gameapi-gdmc5-mania-mod-fork\build\x64\release\game\intermediate\ufo_camera.obj
c:\rsdk decomps\rsdkv5-gameapi-gdmc5-mania-mod-fork\build\x64\release\game\intermediate\specialclear.obj
c:\rsdk decomps\rsdkv5-gameapi-gdmc5-mania-mod-fork\build\x64\release\game\intermediate\wallbumper.obj
c:\rsdk decomps\rsdkv5-gameapi-gdmc5-mania-mod-fork\build\x64\release\game\intermediate\turboturtle.obj
c:\rsdk decomps\rsdkv5-gameapi-gdmc5-mania-mod-fork\build\x64\release\game\intermediate\tmzflames.obj
c:\rsdk decomps\rsdkv5-gameapi-gdmc5-mania-mod-fork\build\x64\release\game\intermediate\tmzcable.obj
c:\rsdk decomps\rsdkv5-gameapi-gdmc5-mania-mod-fork\build\x64\release\game\intermediate\tmzbarrier.obj
c:\rsdk decomps\rsdkv5-gameapi-gdmc5-mania-mod-fork\build\x64\release\game\intermediate\tmzalert.obj
c:\rsdk decomps\rsdkv5-gameapi-gdmc5-mania-mod-fork\build\x64\release\game\intermediate\tmz3setup.obj
c:\rsdk decomps\rsdkv5-gameapi-gdmc5-mania-mod-fork\build\x64\release\game\intermediate\wisp.obj
c:\rsdk decomps\rsdkv5-gameapi-gdmc5-mania-mod-fork\build\x64\release\game\intermediate\wallcrawl.obj
c:\rsdk decomps\rsdkv5-gameapi-gdmc5-mania-mod-fork\build\x64\release\game\intermediate\targetbumper.obj
c:\rsdk decomps\rsdkv5-gameapi-gdmc5-mania-mod-fork\build\x64\release\game\intermediate\spearblock.obj
c:\rsdk decomps\rsdkv5-gameapi-gdmc5-mania-mod-fork\build\x64\release\game\intermediate\pendulum.obj
c:\rsdk decomps\rsdkv5-gameapi-gdmc5-mania-mod-fork\build\x64\release\game\intermediate\ufo_water.obj
c:\rsdk decomps\rsdkv5-gameapi-gdmc5-mania-mod-fork\build\x64\release\game\intermediate\ufo_springboard.obj
c:\rsdk decomps\rsdkv5-gameapi-gdmc5-mania-mod-fork\build\x64\release\game\intermediate\ufo_sphere.obj
c:\rsdk decomps\rsdkv5-gameapi-gdmc5-mania-mod-fork\build\x64\release\game\intermediate\ufo_speedlines.obj
c:\rsdk decomps\rsdkv5-gameapi-gdmc5-mania-mod-fork\build\x64\release\game\intermediate\ufo_shadow.obj
c:\rsdk decomps\rsdkv5-gameapi-gdmc5-mania-mod-fork\build\x64\release\game\game.lib
c:\rsdk decomps\rsdkv5-gameapi-gdmc5-mania-mod-fork\build\x64\release\game\game.exp
c:\rsdk decomps\rsdkv5-gameapi-gdmc5-mania-mod-fork\build\x64\release\game\game.dll
c:\rsdk decomps\rsdkv5-gameapi-gdmc5-mania-mod-fork\build\x64\release\game\intermediate\game.ipdb
c:\rsdk decomps\rsdkv5-gameapi-gdmc5-mania-mod-fork\build\x64\release\game\intermediate\game.iobj
c:\rsdk decomps\rsdkv5-gameapi-gdmc5-mania-mod-fork\build\x64\release\game\game.pdb
c:\rsdk decomps\rsdkv5-gameapi-gdmc5-mania-mod-fork\build\x64\release\game\intermediate\game.res
c:\rsdk decomps\rsdkv5-gameapi-gdmc5-mania-mod-fork\build\x64\release\game\intermediate\gdmc5man.32d6986c.tlog\cl.command.1.tlog
c:\rsdk decomps\rsdkv5-gameapi-gdmc5-mania-mod-fork\build\x64\release\game\intermediate\gdmc5man.32d6986c.tlog\cl.read.1.tlog
c:\rsdk decomps\rsdkv5-gameapi-gdmc5-mania-mod-fork\build\x64\release\game\intermediate\gdmc5man.32d6986c.tlog\cl.write.1.tlog
c:\rsdk decomps\rsdkv5-gameapi-gdmc5-mania-mod-fork\build\x64\release\game\intermediate\gdmc5man.32d6986c.tlog\gdmc5maniamod (v5u).write.1u.tlog
c:\rsdk decomps\rsdkv5-gameapi-gdmc5-mania-mod-fork\build\x64\release\game\intermediate\gdmc5man.32d6986c.tlog\link.command.1.tlog
c:\rsdk decomps\rsdkv5-gameapi-gdmc5-mania-mod-fork\build\x64\release\game\intermediate\gdmc5man.32d6986c.tlog\link.read.1.tlog
c:\rsdk decomps\rsdkv5-gameapi-gdmc5-mania-mod-fork\build\x64\release\game\intermediate\gdmc5man.32d6986c.tlog\link.write.1.tlog
c:\rsdk decomps\rsdkv5-gameapi-gdmc5-mania-mod-fork\build\x64\release\game\intermediate\gdmc5man.32d6986c.tlog\rc.command.1.tlog
c:\rsdk decomps\rsdkv5-gameapi-gdmc5-mania-mod-fork\build\x64\release\game\intermediate\gdmc5man.32d6986c.tlog\rc.read.1.tlog
c:\rsdk decomps\rsdkv5-gameapi-gdmc5-mania-mod-fork\build\x64\release\game\intermediate\gdmc5man.32d6986c.tlog\rc.write.1.tlog
