  Game.c
  AIZEggRobo.c
  AIZEncoreTutorial.c
  AIZKingClaw.c
  AIZRockPile.c
  AIZSetup.c
  AIZTornado.c
  AIZTornadoPath.c
  Bloominator.c
  EncoreIntro.c
  FernParallax.c
  MonkeyDude.c
  Rhinobot.c
  SchrodingersCapsule.c
  Sweep.c
  BSS_Collectable.c
  BSS_Collected.c
  BSS_Horizon.c
  BSS_HUD.c
  BSS_Message.c
  Compiling...
  BSS_Palette.c
  BSS_Player.c
  BSS_Setup.c
  BGSwitch.c
  BreakableWall.c
  Button.c
  CollapsingPlatform.c
  Decoration.c
  Eggman.c
  FlingRamp.c
  ForceSpin.c
  ForceUnstick.c
  GenericTrigger.c
  Palette.c
  ParallaxSprite.c
  Platform.c
  PlatformControl.c
  PlatformNode.c
  Projectile.c
  SpinBooster.c
  Compiling...
  TilePlatform.c
  Water.c
  ContinuePlayer.c
  ContinueSetup.c
  AmoebaDroid.c
  Ball.c
  Bubbler.c
  CaterkillerJr.c
  ChemBubble.c
  ChemicalBall.c
  ChemicalPool.c
  CPZ1Intro.c
  CPZ2Outro.c
  CPZBoss.c
  CPZSetup.c
  CPZShutter.c
  DNARiser.c
  Grabber.c
  OneWayDoor.c
  Reagent.c
  Compiling...
  RotatingStair.c
  SpeedBooster.c
  Spiny.c
  Springboard.c
  Staircase.c
  StickyPlatform.c
  Syringe.c
  TippingPlatform.c
  TransportTube.c
  TubeSpring.c
  TwistedTubes.c
  AnimalHBH.c
  CreditsSetup.c
  EncoreGoodEnd.c
  TAEmerald.c
  TryAgain.c
  TryAgainE.c
  ChaosEmerald.c
  CutsceneHBH.c
  CutsceneRules.c
  Compiling...
  CutsceneSeq.c
  FXExpandRing.c
  FXFade.c
  FXRuby.c
  FXSpinRay.c
  FXTrail.c
  FXWaveRing.c
  RubyPortal.c
  ERZGunner.c
  ERZKing.c
  ERZMystic.c
  ERZOutro.c
  ERZRider.c
  ERZSetup.c
  ERZShinobi.c
  ERZStart.c
  KleptoMobile.c
  PhantomEgg.c
  PhantomGunner.c
  PhantomHand.c
  Compiling...
  PhantomKing.c
  PhantomMissile.c
  PhantomMystic.c
  PhantomRider.c
  PhantomRuby.c
  PhantomShield.c
  PhantomShinobi.c
  PKingAttack.c
  RingField.c
  BigSqueeze.c
  Blaster.c
  Clucker.c
  Crane.c
  Cylinder.c
  ElectroMagnet.c
  FBZ1Outro.c
  FBZ2Outro.c
  FBZFan.c
  FBZMissile.c
  FBZSetup.c
  Compiling...
  FBZSinkTrash.c
  FBZStorm.c
  FBZTrash.c
  FlameSpring.c
  FoldingPlatform.c
  HangGlider.c
  HangPoint.c
  Launcher.c
  LightBarrier.c
  MagPlatform.c
  MagSpikeBall.c
  Mine.c
  Propeller.c
  PropellerShaft.c
  SpiderMobile.c
  SpiralPlatform.c
  SwitchDoor.c
  Technosqueek.c
  TetherBall.c
  Tuesday.c
  Compiling...
  TwistingDoor.c
  WarpDoor.c
  Batbrain.c
  Bridge.c
  BurningLog.c
  BuzzBomber.c
  CheckerBall.c
  Chopper.c
  CorkscrewPath.c
  Crabmeat.c
  DDWrecker.c
  DERobot.c
  Fireball.c
  GHZ2Outro.c
  GHZCutsceneK.c
  GHZCutsceneST.c
  GHZSetup.c
  Motobug.c
  Newtron.c
  SpikeLog.c
  Compiling...
  Splats.c
  WaterfallSound.c
  ZipLine.c
  ActClear.c
  Animals.c
  Announcer.c
  APICallback.c
  BoundsMarker.c
  Camera.c
  Competition.c
  COverlay.c
  Debris.c
  DebugMode.c
  DialogRunner.c
  Dust.c
  EggPrison.c
  EncoreRoute.c
  Explosion.c
  GameOver.c
  HUD.c
  Compiling...
  ImageTrail.c
  InvincibleStars.c
  InvisibleBlock.c
  ItemBox.c
  Localization.c
  Music.c
  NoSwap.c
  PauseMenu.c
  PlaneSwitch.c
  Player.c
  ReplayRecorder.c
  Ring.c
  SaveGame.c
  ScoreBonus.c
  Shield.c
  SignPost.c
  Soundboard.c
  SpecialRing.c
  SpeedGate.c
  Spikes.c
  Compiling...
  Spring.c
  StarPost.c
  SuperSparkle.c
  TimeAttackGate.c
  TitleCard.c
  Zone.c
  Blastoid.c
  BreakBar.c
  Buggernaut.c
  ButtonDoor.c
  Current.c
  DCEvent.c
  DiveEggman.c
  Fan.c
  Gondola.c
  HandLauncher.c
  HangConveyor.c
  HCZ1Intro.c
  HCZOneWayDoor.c
  HCZSetup.c
  Compiling...
  HCZSpikeBall.c
  Jawz.c
  Jellygnite.c
  LaundroMobile.c
  MegaChopper.c
  Pointdexter.c
  PullChain.c
  ScrewMobile.c
  Spear.c
  TurboSpiker.c
  TwistingSlide.c
  WaterGush.c
  Whirlpool.c
  BadnikHelpers.c
  ColorHelpers.c
  CompetitionSession.c
  DrawHelpers.c
  GameProgress.c
  LogHelpers.c
  MathHelpers.c
  Compiling...
  Options.c
  ParticleHelpers.c
  PlayerHelpers.c
  PlayerProbe.c
  ReplayDB.c
  TimeAttackData.c
  Batbot.c
  Redz.c
  Stegway.c
  BuckwildBall.c
  DashLift.c
  Drillerdroid.c
  DrillerdroidO.c
  Fireworm.c
  Flamethrower.c
  HeavyKing.c
  HeavyRider.c
  HPZEmerald.c
  Iwamodoki.c
  KingAttack.c
  Compiling...
  KingClaw.c
  LavaFall.c
  LavaGeyser.c
  LRZ1Intro.c
  LRZ1Outro.c
  LRZ1Setup.c
  LRZ2Setup.c
  LRZ3Cutscene.c
  LRZ3Outro.c
  LRZ3OutroK.c
  LRZ3Setup.c
  LRZConvControl.c
  LRZConvDropper.c
  LRZConveyor.c
  LRZConvItem.c
  LRZConvSwitch.c
  LRZFireball.c
  LRZRockPile.c
  LRZSpikeBall.c
  LRZSpiral.c
  Compiling...
  OrbitSpike.c
  Rexon.c
  RisingLava.c
  RockDrill.c
  SkyTeleporter.c
  SpikeCrusher.c
  Stalactite.c
  ThoughtBubble.c
  Toxomister.c
  Turbine.c
  TurretSwitch.c
  WalkerLegs.c
  CompetitionMenu.c
  DAControl.c
  DASetup.c
  DemoMenu.c
  E3MenuSetup.c
  ExtrasMenu.c
  LevelSelect.c
  LogoSetup.c
  Compiling...
  MainMenu.c
  ManiaModeMenu.c
  MenuParam.c
  MenuSetup.c
  OptionsMenu.c
  ThanksSetup.c
  TimeAttackMenu.c
  UIBackground.c
  UIButton.c
  UIButtonLabel.c
  UIButtonPrompt.c
  UICarousel.c
  UICharButton.c
  UIChoice.c
  UIControl.c
  UICreditsText.c
  UIDialog.c
  UIDiorama.c
  UIHeading.c
  UIInfoLabel.c
  Compiling...
  UIKeyBinder.c
  UILeaderboard.c
  UIMedallionPanel.c
  UIModeButton.c
  UIOptionPanel.c
  UIPicture.c
  UIPopover.c
  UIRankButton.c
  UIReplayCarousel.c
  UIResPicker.c
  UISaveSlot.c
  UIShifter.c
  UISlider.c
  UISubHeading.c
  UITABanner.c
  UITAZoneModule.c
  UIText.c
  UITransition.c
  UIUsernamePopup.c
  UIVideo.c
  Compiling...
  UIVsCharSelector.c
  UIVsResults.c
  UIVsRoundPicker.c
  UIVsScoreboard.c
  UIVsZoneButton.c
  UIWaitSpinner.c
  UIWidgets.c
  UIWinSize.c
  BladePole.c
  BuzzSaw.c
  ConveyorBelt.c
  ConveyorPlatform.c
  ConveyorWheel.c
  EggPistonsMKII.c
  FarPlane.c
  Gachapandora.c
  MatryoshkaBom.c
  MechaBu.c
  MMZ2Outro.c
  MMZLightning.c
  Compiling...
  MMZSetup.c
  MMZWheel.c
  Piston.c
  PlaneSeeSaw.c
  PohBee.c
  RPlaneShifter.c
  Scarab.c
  SizeLaser.c
  SpikeCorridor.c
  VanishPlatform.c
  Armadiloid.c
  BarStool.c
  Bumpalo.c
  Cactula.c
  CollapsingSand.c
  DBTower.c
  EggLoco.c
  Flipper.c
  GiantPistol.c
  Hatterkiller.c
  Compiling...
  HeavyMystic.c
  Honkytonk.c
  LightBulb.c
  LocoSmoke.c
  MSZ1KIntro.c
  MSZ2Cutscene.c
  MSZCutsceneK.c
  MSZCutsceneST.c
  MSZSetup.c
  MSZSpotlight.c
  PaintingEyes.c
  Pinata.c
  Rattlekiller.c
  RollerMKII.c
  RotatingSpikes.c
  SeeSaw.c
  SeltzerBottle.c
  SeltzerWater.c
  SideBarrel.c
  SwingRope.c
  Compiling...
  Tornado.c
  TornadoPath.c
  UberCaterkiller.c
  Vultron.c
  Aquis.c
  BallCannon.c
  GasPlatform.c
  Hatch.c
  MegaOctus.c
  MeterDroid.c
  Octus.c
  OOZ1Outro.c
  OOZ2Outro.c
  OOZFlames.c
  OOZSetup.c
  PullSwitch.c
  PushSpring.c
  Smog.c
  Sol.c
  Valve.c
  Compiling...
  Acetone.c
  Crate.c
  DoorTrigger.c
  Dragonfly.c
  FrostThrower.c
  HeavyShinobi.c
  Ice.c
  IceBomba.c
  IceSpring.c
  Ink.c
  InkWipe.c
  JuggleSaw.c
  Newspaper.c
  PaperRoller.c
  PetalPile.c
  Press.c
  PrintBlock.c
  PSZ1Intro.c
  PSZ1Setup.c
  PSZ2Intro.c
  Compiling...
  PSZ2Outro.c
  PSZ2Setup.c
  PSZDoor.c
  PSZEggman.c
  PSZLauncher.c
  Shiversaw.c
  Shuriken.c
  Snowflakes.c
  SP500.c
  SP500MkII.c
  Turntable.c
  WoodChipper.c
  Woodrow.c
  PBL_Bumper.c
  PBL_Camera.c
  PBL_Crane.c
  PBL_Flipper.c
  PBL_HUD.c
  PBL_Player.c
  PBL_Ring.c
  Compiling...
  PBL_Sector.c
  PBL_Setup.c
  PBL_TargetBumper.c
  PuyoAI.c
  PuyoAttack.c
  PuyoBean.c
  PuyoGame.c
  PuyoIndicator.c
  PuyoLabel.c
  PuyoLevelSelect.c
  PuyoMatch.c
  PuyoScore.c
  Bomb.c
  Caterkiller.c
  Orbinaut.c
  CableWarp.c
  Canista.c
  CircleBumper.c
  Clapperboard.c
  DirectorChair.c
  Compiling...
  EggJanken.c
  EggJankenPart.c
  EggTV.c
  FilmProjector.c
  FilmReel.c
  Funnel.c
  GreenScreen.c
  HeavyGunner.c
  LEDPanel.c
  Letterboard.c
  LottoBall.c
  LottoMachine.c
  LoveTester.c
  MicDrop.c
  PathInverter.c
  PimPom.c
  PopcornKernel.c
  PopcornMachine.c
  RockemSockem.c
  ShopWindow.c
  Compiling...
  Shutterbug.c
  SpinSign.c
  SPZ1Intro.c
  SPZ1Setup.c
  SPZ2Outro.c
  SPZ2Setup.c
  Tubinaut.c
  TVFlyingBattery.c
  TVPole.c
  TVVan.c
  WeatherMobile.c
  WeatherTV.c
  Beanstalk.c
  BouncePlant.c
  Bungee.c
  Constellation.c
  Dango.c
  EggTower.c
  Fireflies.c
  Firework.c
  Compiling...
  FlowerPod.c
  GigaMetal.c
  HiLoSign.c
  Hotaru.c
  HotaruHiWatt.c
  HotaruMKII.c
  JunctionWheel.c
  Kabasira.c
  Kanabun.c
  MetalSonic.c
  MonarchPlans.c
  MSBomb.c
  MSFactory.c
  MSHologram.c
  MSOrb.c
  MSPanel.c
  RTeleporter.c
  SDashWheel.c
  SilverSonic.c
  SparkRail.c
  Compiling...
  SpikeFlail.c
  SSZ1Intro.c
  SSZ1Outro.c
  SSZ1Setup.c
  SSZ2Setup.c
  SSZ3Cutscene.c
  SSZEggman.c
  SSZSpikeBall.c
  SSZSpotlight.c
  TimePost.c
  TimeTravelSetup.c
  TTCutscene.c
  UncurlPlant.c
  YoyoPulley.c
  Summary.c
  SummaryEmerald.c
  Title3DSprite.c
  TitleBG.c
  TitleEggman.c
  TitleLogo.c
  Compiling...
  TitleSetup.c
  TitleSonic.c
  BallHog.c
  CrashTest.c
  CrimsonEye.c
  EscapeCar.c
  FlasherMKII.c
  GymBar.c
  JacobsLadder.c
  LargeGear.c
  LaunchSpring.c
  MagnetSphere.c
  MetalArm.c
  MonarchBG.c
  PopOut.c
  SentryBug.c
  TeeterTotter.c
  TMZ1Outro.c
  TMZ1Setup.c
  TMZ2Outro.c
  Compiling...
  TMZ2Setup.c
  TMZ3Setup.c
  TMZAlert.c
  TMZBarrier.c
  TMZCable.c
  TMZFlames.c
  TurboTurtle.c
  WallBumper.c
  SpecialClear.c
  UFO_Camera.c
  UFO_Circuit.c
  UFO_Decoration.c
  UFO_Dust.c
  UFO_HUD.c
  UFO_ItemBox.c
  UFO_Message.c
  UFO_Plasma.c
  UFO_Player.c
  UFO_Ring.c
  UFO_Setup.c
  Compiling...
  UFO_Shadow.c
  UFO_SpeedLines.c
  UFO_Sphere.c
  UFO_Springboard.c
  UFO_Water.c
  Pendulum.c
  SpearBlock.c
  TargetBumper.c
  WallCrawl.c
  Wisp.c
     Creating library C:\RSDK Decomps\RSDKv5-GameAPI-Gdmc5-Mania-Mod-Fork\build\x64\Release\Game\Game.lib and object C:\RSDK Decomps\RSDKv5-GameAPI-Gdmc5-Mania-Mod-Fork\build\x64\Release\Game\Game.exp
  Generating code
  Previous IPDB not found, fall back to full compilation.
  All 10570 functions were compiled because no usable IPDB/IOBJ from previous compilation was found.
  Finished generating code
  Gdmc5ManiaMod_Rev0U.vcxproj -> C:\RSDK Decomps\RSDKv5-GameAPI-Gdmc5-Mania-Mod-Fork\build\x64\Release\Game\Game.dll
  Building Static Object Files...
          1 file(s) copied.
  autostatic.py
  Objects
  ../build/
  plus
  UNKNOWN TYPE EntityBase IN FernParallax.h OBJECT STRUCT, info: EntityBase
  INVALID ARRAY SIZE IN DebugMode.h OBJECT STRUCT, info: classIDs[DEBUGMODE_OBJECT_COUNT]
  UNKNOWN TYPE if IN HUD.h OBJECT STRUCT, info: if
  INVALID ARRAY SIZE IN Localization.h OBJECT STRUCT, info: strings[STR_STRING_COUNT]
  INVALID ARRAY SIZE IN Soundboard.h OBJECT STRUCT, info: sfxList[SOUNDBOARD_SFX_COUNT]
  UNKNOWN TYPE EntityBase IN Zone.h OBJECT STRUCT, info: EntityBase
  UNKNOWN TYPE if IN UIKeyBinder.h OBJECT STRUCT, info: if
  UNKNOWN TYPE ScanlineInfo IN Smog.h OBJECT STRUCT, info: ScanlineInfo
  UNKNOWN TYPE Matrix IN PBL_Camera.h OBJECT STRUCT, info: Matrix
  UNKNOWN TYPE Matrix IN UFO_Camera.h OBJECT STRUCT, info: Matrix
  UNKNOWN TYPE ScanlineInfo IN UFO_Plasma.h OBJECT STRUCT, info: ScanlineInfo
  Built 70 Static Objects in: ../build/Static/
